05:25 -lowerlevelll  : Good morning
05:25 -lowerlevelll  : I havent
05:26 -lowerlevelll  : Does it look good
05:26 -lowerlevelll  : Nice
05:46 Stabaho187     : i just dont get the free on stream but in theaters same time model
06:06 Stabaho187     : you busy llll?
06:06 -lowerlevelll  : Not realy
06:06 Stabaho187     : you want to test something for me?
06:06 -lowerlevelll  : Wha
06:06 -lowerlevelll  : Ok
06:07 Stabaho187     : see if you can hit that guard
06:07 -lowerlevelll  : Nope
06:07 Stabaho187     : one more second
06:08 Stabaho187     : try this guard
06:08 -lowerlevelll  : Nice
06:09 Stabaho187     : one more time plz
06:10 Stabaho187     : try to 3escape
06:10 Stabaho187     : see if /fly works
06:11 Stabaho187     : got to figure how the bounty hunter thing works now
06:11 -lowerlevelll  : If u kill me u get the bounty
06:11 Stabaho187     : there is a warden here to pay bounties
06:11 Stabaho187     : idk if i get the bounty id assume so
06:12 -lowerlevelll  : Slay me
06:13 Stabaho187     : says i cant pick up your head unless you type /unlockdrops
06:14 -lowerlevelll  : Nice
06:14 Stabaho187     : its a work in progress
06:15 Stabaho187     : going to suprise someone when they pvp around spawn
06:15 -lowerlevelll  : Mabye he wants my head
06:17 -lowerlevelll  : If i change to my normal skin can u see it?
06:17 Stabaho187     : make the city seem more alive
06:17 Stabaho187     : try changing it
06:18 Stabaho187     : tis the same
06:18 -lowerlevelll  : Damn
06:18 Stabaho187     : sometimes it takes a while to update on bedrock
06:20 -lowerlevelll  : Need me for anything. Eles
06:20 Stabaho187     : no thanks for helping
06:21 -lowerlevelll  : Ok kool
06:22 -lowerlevelll  : Ill help anytime
06:22 Stabaho187     : ill let you know when i feel its working better
06:46 -lowerlevelll  : Were r u
06:52 -TurningCupid  : base
06:54 -TurningCupid  : extra
06:54 -lowerlevelll  : Thanx
06:55 -lowerlevelll  : Come see
06:55 -TurningCupid  : ooooooooooooooooooooo
06:55 -TurningCupid  : i love it
06:56 -lowerlevelll  : We can do a few of them
06:56 -TurningCupid  : yessss, i love it
06:57 -TurningCupid  : im gonna go map out the pyramid
07:04 -TurningCupid  : what you think lower? about size and location?
07:04 -TurningCupid  : have it even with the poratl
07:04 -TurningCupid  : should i push it back more?
07:04 -TurningCupid  : so we can have more space by the entrance?
07:05 -TurningCupid  : Its 50x50
07:05 -lowerlevelll  : Mabye to hhere
07:05 -TurningCupid  : move it back more?
