00:09 BlackCats96 placed suspicious AXOLOTL_BUCKET @ Killer_Island: x497, z-2060
00:09 BlackCats96 placed suspicious AXOLOTL_BUCKET @ Killer_Island: x497, z-2060
00:10 maddogselite1 placed suspicious AXOLOTL_BUCKET @ Killer_Island: x495, z-2064
00:10 maddogselite1 placed suspicious AXOLOTL_BUCKET @ Killer_Island: x494, z-2068
00:11 BlackCats96 placed suspicious AXOLOTL_BUCKET @ Killer_Island: x492, z-2060
00:17 maddogselite1  : next night plz dont sleep right away i want to get some night screen shots real quick
09:52 -ShadowGiver902: hey all
09:52 RadmobileGaming: mornin
09:53 -ShadowGiver902: sup rad
09:53 RadmobileGaming: building my guardian farm! how about you?
10:00 RadmobileGaming: rip
10:04 -Dazed6977 placed suspicious TROPICAL_FISH_BUCKET @ Killer_Island: x-1062, z211
10:07 -Dazed6977     : i need a grass block
10:07 -IAmFriendBesto: i got one
10:08 -Dazed6977     : can i have it please
10:08 -IAmFriendBesto: yeah
10:08 -Dazed6977     : where do i meet you
10:08 RadmobileGaming: we need more shops on this server
10:09 -IAmFriendBesto: blue nether tunnel
10:09 -Dazed6977     : im coming
10:09 -Dazed6977     : thank you
10:10 -IAmFriendBesto: np
10:17 -IAmFriendBesto: hey dazed, if you come back through my portal i have something for you
10:18 -Dazed6977     : where are you agin
10:18 -IAmFriendBesto: blue tunnel
10:19 -Dazed6977     : im in blue tunnel
10:19 -Dazed6977     : thanks
10:20 -Dazed6977     : i gotta eat brb
10:20 -IAmFriendBesto: totam is from the raid the other day
10:20 RadmobileGaming: free food by spawn tunnel in the nether
10:21 -IAmFriendBesto: elytra is cause i have a ton of them and nothing else to do
10:21 -IAmFriendBesto: thanks rad. good to know
11:14 mr_matthews    :  placed a sign @ Killer_Island: x544, z602
  Free Books etc
11:20 RadmobileGaming: rip
11:22 -Dazed6977 placed suspicious WATER_BUCKET @ Killer_Island: x-1123, z378
11:26 -IAmFriendBesto: shadow, are you looking for an elytra?
11:27 -ShadowGiver902: no thx :)
11:27 RadmobileGaming: I am!
11:27 -ShadowGiver902: YEAH PASS EM OUT LOL I CAN FLY
11:27 RadmobileGaming: are you selling them
11:27 -IAmFriendBesto: sure am
11:29 -IAmFriendBesto: options for enchanted or vanilla
11:36 -Dazed6977     : i need another grass block got one
11:36 -IAmFriendBesto: yeah
11:36 -Dazed6977     : im comin
11:37 -Dazed6977     : im here
11:38 -Dazed6977     : thank
11:38 -IAmFriendBesto: np
11:38 -ShadowGiver902: HOME
11:39 -lowerlevelll  : How do u lock chest so others cant open it?
11:40 -IAmFriendBesto: clame it with a gold shovel
11:41 -lowerlevelll  : Thanks
11:42 -Dazed6977     : an i cure him
12:01 -Dazed6977     : anyone got leather
12:01 -IAmFriendBesto: how much do you need?
12:01 -Dazed6977     : 32
12:04 -IAmFriendBesto: as soon as my villager cures ill go grab some for you
12:04 -IAmFriendBesto: i only have 15 on me. i have to go to my cave and grab the rest
12:05 -Dazed6977     : besto can you help me my dead chest is on the neather roof
12:06 -IAmFriendBesto: go to creative and break the bedrock till you can get it
12:06 -Dazed6977     : how
12:06 -IAmFriendBesto: "/" gamemode creative
12:07 -IAmFriendBesto: just don't use the ""
12:07 -Dazed6977     : it says i dont have acsess
12:07 -IAmFriendBesto: give me a sec
12:08 -Dazed6977     : sure
12:11 -Dazed6977     : it wont work
12:12 -IAmFriendBesto: might need stabs help
12:12 -Dazed6977     : yeah
12:12 -IAmFriendBesto: ill leave the hole open so he can help later. need some back up armor?
12:13 -Dazed6977     : the thing is Wandering trader gave me heads
12:13 -Dazed6977     : and i had them on me
12:13 -IAmFriendBesto: i think stab can help later when he's on
12:13 -Dazed6977     : alright
12:14 -Dazed6977     : i was comin for the leather
12:15 -Dazed6977     : hes cured
12:16 -IAmFriendBesto: watch out
12:20 -IAmFriendBesto: need that back lol
12:20 -IAmFriendBesto: lol thanks
13:15 -ShadowGiver902:  placed a sign @ Killer_Island: x-1092, z269
  The
  Scriptorium
  \\\\\\/////
13:16 -ShadowGiver902:  placed a sign @ Killer_Island: x-1092, z269
  The
  Scriptorium
  \\\\\\//////
13:39 -ShadowGiver902: nice work vampire !
13:39 -Vampires_Heart6: Ty
13:39 -ShadowGiver902 : wheres your base bro?
13:39 -ShadowGiver902 : were at -1111
13:39 -ShadowGiver902 : 200 area
13:47 -Dazed6977      : ouch
13:48 -Vampires_Heart6: Well guess ill lose that gear for now lol
13:48 -Dazed6977      : what did you loose
13:48 -Dazed6977      : btw where are you
13:48 -Dazed6977      : spawn
13:49 -Vampires_Heart6: Just some basic stone tools. Not sure havnt claimed yet
13:50 -Vampires_Heart6: -1165
13:50 -Vampires_Heart6: And -11002
13:54 -Dazed6977      : i cant find you
13:55 -Dazed6977      : are you at a big castle
13:55 -Vampires_Heart6: No im in a town
13:56 -Dazed6977      : is it in a castle
13:58 -Vampires_Heart6: Nope but a skeleton is guarding my front door lol
13:58 -Dazed6977      : what cords again
13:59 -Vampires_Heart6: -1169 and -11002
14:05 -Dazed6977      : half way
14:10 -Dazed6977      : almost there
14:12 -Vampires_Heart6: Tyvm
14:18 -Vampires_Heart6: Found a hole lol
14:25 -Vampires_Heart6: Whew ty
14:25 -Dazed6977      : np
14:26 -Vampires_Heart6: Well at least im closeto the chest ha ha
14:27 -Dazed6977      : drop youll be fine
14:29 -Vampires_Heart6: Totally fillin that hole
14:33 -Dazed6977      : bye
14:33 -Vampires_Heart6: Cya later
14:37 -ShadowGiver902 : anyone got diamonds they wanna trade for?
16:28 -ShadowGiver902 : anyone got ink?
16:32 -ShadowGiver902 : as much as you can offer
16:32 -ShadowGiver902 : its for an important project
16:32 -ShadowGiver902 : can trade
16:37 -ShadowGiver902 : i mean
16:37 -ShadowGiver902 : that'
16:37 -ShadowGiver902 : ll do nicely
16:39 -ShadowGiver902 : LOL
16:44 -ShadowGiver902 : hey guys
16:44 -TurningCupid   : Heyoooo
16:44 -TurningCupid   : Im still a tourist lmao
16:44 -ShadowGiver902 : lol
16:52 RadmobileGaming placed suspicious WATER_BUCKET @ Killer_Island: x1696, z4174
16:53 Athwee          : Anyone in need of any supplies like stone or ores?
16:53 Athwee          : I'm in a sad mood and just need something to do. :(
16:53 -ShadowGiver902 : why sad?
16:54 -ShadowGiver902 : im in need of leather big time
16:54 RadmobileGaming : whatcha making
16:54 -ShadowGiver902 : books
16:54 Athwee          : sad because I cant help out my other half with their problem :(
16:54 Athwee          : how many books you need?
16:54 -ShadowGiver902 : come over guys
16:55 -ShadowGiver902 : as many as you can offer
16:56 -ShadowGiver902 : id love it
16:56 -ShadowGiver902 : please
16:56 -ShadowGiver902 : *bow
16:57 Athwee          : I didn't have leather but a crap ton of books from woodland mansion
16:57 -ShadowGiver902 : either or ultimately lol
16:57 Athwee          : I gave you like 3 stacks of books. lol
16:58 -ShadowGiver902 : WHERE?
16:58 Athwee          : I teleported to you then back home
16:58 Athwee          : i saw you pick them up...
16:59 -ShadowGiver902 : oh hahahaha
16:59 -ShadowGiver902 : drrr
16:59 -ShadowGiver902 : thx so much
16:59 -ShadowGiver902 : seriously
16:59 Athwee          : Np.
16:59 -ShadowGiver902 : can i tp?
16:59 Athwee          : like i said need any type of stone or ore elt me know. I'm mining just to do something
16:59 -ShadowGiver902 : ill be on in a bit
17:00 Athwee          : Rad you are cathcing up to my power level. lol
17:20 -TurningCupid   : finallyyyy
17:20 Athwee          : nice!
17:21 Athwee          : I've been having good luck at finding them at y5 insteasd of y10/11 if that helps
17:21 SquishieDragon  : :O
17:22 Athwee          : also a myth if you find lapis there is diamonds like 9 blacks near.
17:22 RadmobileGaming : it used to be a thing but not sure which patch it was in
17:23 Athwee          : just found lapis and like 9 black behind was daimonds.. probs jsut luck
17:25 mr_matthews     : found lapis just now, 5 blocks later diamons lol
17:25 Athwee          : gratz
17:26 -TurningCupid   : just found lapris, now im gonna look for diamonds too
17:28 -TurningCupid   : boooooooo
17:45 RadmobileGaming placed suspicious WATER_BUCKET @ Killer_Island: x1665, z4144
17:46 RadmobileGaming placed suspicious WATER_BUCKET @ Killer_Island: x1675, z4144
17:47 -TurningCupid   : omgggg the zombies bleed, thats so cool
17:54 -TurningCupid   : f
17:57 RadmobileGaming placed suspicious WATER_BUCKET @ Killer_Island: x1682, z4144
17:57 RadmobileGaming placed suspicious WATER_BUCKET @ Killer_Island: x1689, z4144
18:28 Athwee          : gly
18:29 RadmobileGaming : rip
18:29 Athwee          : F
18:30 -TurningCupid   : how rude, I was just trying to fish :(
18:30 Athwee          : creepers are not nice things :(
18:42 Athwee          : can someone sleep please? too far away from home :(
18:42 Athwee          : thans
18:55 Athwee          : sleep? please
18:56 Athwee          : thanks
19:09 -TurningCupid   : uisherlghsedliuf
19:09 RadmobileGaming : rip
19:11 RadmobileGaming : rip
19:14 -IAmFriendBesto : hey neighbor!
19:25 mr_matthews     : wheres the shops?
20:01 RadmobileGaming : be back later
20:02 -ShadowGiver902 : how do i give permission to build on my claim but not open chests
20:03 -ShadowGiver902 : anyone know
20:03 KingKaiterTot   : no idea. sorry
20:03 -ShadowGiver902 : k
20:03 -ShadowGiver902 : thanks :) *bow
20:04 mr_matthews     : maybe just trust build _..._
20:04 -ShadowGiver902 : lemme try
20:07 -Dazed6977      : rip
20:14 mr_matthews     : anyone need any enchantment books while im at trader hall?
20:14 -Dazed6977      : silk touch
20:14 -IAmFriendBesto : quick charge III
20:15 -IAmFriendBesto : or piercing
20:15 mr_matthews     : whats quick charge lol
20:16 -Dazed6977      : its for a crossbow
20:16 -IAmFriendBesto : it's for the crossbow
20:16 mr_matthews     : they dont sell it here :d
20:17 -IAmFriendBesto : no worries
20:17 mr_matthews     : you want piercing?
20:18 -IAmFriendBesto : is it 1 2 or 3?
20:18 mr_matthews     : just 1
20:18 -IAmFriendBesto : nah. thanks though
20:18 mr_matthews     : i can 8 of em
20:18 mr_matthews     : buy
20:18 mr_matthews     : will have to combine them
20:19 -IAmFriendBesto : nah. I'll get a trader with it
20:19 -IAmFriendBesto : ive been experiencing with crossbows. they're a lot more useful than I've always thought
20:20 mr_matthews     : oh ones got piercing 4
20:20 -IAmFriendBesto : yes lol
20:20 -IAmFriendBesto : what do I need to give you for them?
20:21 -Dazed6977      : yeah waht do i need to give you
20:21 mr_matthews     : ive completly forgot what i came here for
20:21 mr_matthews     : nothing
20:21 -Dazed6977      : i need silk touch
20:21 mr_matthews     : i farm emeralds here and can get unlimited books easy
20:21 -IAmFriendBesto : cool
20:21 -IAmFriendBesto : brb
20:22 mr_matthews     : anything else?
20:27 -IAmFriendBesto : as many of those as you can get
20:28 -Dazed6977      : where will we meet you
20:28 mr_matthews     : ill drop ekm to ya before i tele home
20:29 -Dazed6977      : my portal isnt conected to the highway yet
20:29 -ShadowGiver902 :  placed a sign @ Killer_Island: x-1090, z259
  Natiri's
  F
20:29 -IAmFriendBesto : im on blue highway. look for the banner
20:30 -IAmFriendBesto : left hand side
20:34 mr_matthews     : that was your order sir?
20:34 -Dazed6977      : me or him
20:34 mr_matthews     : dazed
20:34 -Dazed6977      : silk touch
20:35 -Dazed6977      : thank you
20:35 mr_matthews     : who else lol
20:35 mr_matthews     : i got rubbish memory me
20:35 mr_matthews     : yw
20:35 -IAmFriendBesto : piercing
20:35 -IAmFriendBesto : stay right there
20:36 mr_matthews     : dont need them either
20:36 mr_matthews     : thanks dude
20:36 -IAmFriendBesto : enjoy the crossbow
20:36 -IAmFriendBesto : thank you
20:36 mr_matthews     : not tried crossbow yet :D
20:37 -IAmFriendBesto : im gonna get about 4 or 5 in my hotbar. really easy to spam shots
20:37 mr_matthews     : nice
20:42 -ShadowGiver902 :  placed a sign @ Killer_Island: x-1094, z272
  LexLair
20:43 -ShadowGiver902 :  placed a sign @ Killer_Island: x-1090, z259
  Ft. B
20:49 mr_matthews     : anyone got loads of dirt they dont need :D
20:49 Athwee          : Blaccats come to my place
20:53 Athwee          : Blackcats come see my fancy towe
20:53 Athwee          : tower
20:54 BlackCats96     : is it at your house?
20:54 Athwee          : yes
20:54 BlackCats96     : okay let me put my potatos away
20:54 Athwee          : ok
20:56 BlackCats96     : omg ashlee
20:56 Athwee          : its was just a few hours of mining
20:57 BlackCats96     : wow
20:57 Athwee          : yeah
20:57 Athwee          : ?
20:57 BlackCats96     : i dont want
20:57 Athwee          : ah p. lol
20:57 BlackCats96     : would u like help breaking this
20:58 Athwee          : if you want
21:01 BlackCats96     : shulker?
21:01 Athwee          : dpesnt matter
21:01 Athwee          : where ever
21:02 Athwee          : antone need redstone dust. lmao
21:12 Athwee          : than you
21:13 BlackCats96     : no problem now im going to go mining lol
21:13 BlackCats96     : cause that made me look poor
21:13 RadmobileGaming : hi squish
21:13 SquishieDragon  : hallo!
21:13 BlackCats96     : hello
21:14 Athwee          : Hallo o/
21:21 RadmobileGaming : 420
21:31 -ShadowGiver902 : HEY ALL
21:31 SquishieDragon  : hallo O/
21:31 -ShadowGiver902 : LOVE FROM CANADA**
21:36 RadmobileGaming : does anyone know how long guardians live outside of water?
21:36 RadmobileGaming : asking for a friend
21:36 -Dazed6977      : idk
21:36 SquishieDragon  : 29 seconds
21:36 RadmobileGaming : hawt
21:44 RadmobileGaming : sleep plz?
21:51 RadmobileGaming placed suspicious WATER_BUCKET @ Killer_Island: x-1142, z1017
22:29 RadmobileGaming placed suspicious WATER_BUCKET @ Killer_Island: x1694, z4144
