00:10 -Miarkraim      : Don't do that
00:11 mr_matthews     : creepers do, what they do
00:11 -lenr0c86       : Brb
01:06 mr_matthews     : sleep please
01:06 mr_matthews     : ty
01:06 -lenr0c86       : Np
03:16 -Miarkraim      : Getting too much lag
03:19 -Miarkraim      : Finally got my stuff back and made it out of the nether
03:20 mr_matthews     : what were you doing ion the nether :o
03:22 -Miarkraim      : Trying to get out, was building near a nether portal, got a lag spike and ended up dead in the nether
03:22 mr_matthews     : ouch
03:25 mr_matthews     : why did i get the the idea to set up a cave spider farm...
03:35 -Miarkraim placed suspicious WATER_BUCKET @ Killer_Island: x10092, z11810
03:37 -Miarkraim placed suspicious WATER_BUCKET @ Killer_Island: x10096, z11814
03:38 -Miarkraim placed suspicious WATER_BUCKET @ Killer_Island: x10096, z11814
03:41 -Miarkraim placed suspicious WATER_BUCKET @ Killer_Island: x10088, z11814
03:46 mr_matthews     : while getting chased by a cave spider too
03:47 -Miarkraim      : It was just a little prick, the spider did the most
03:52 -Miarkraim placed suspicious WATER_BUCKET @ Killer_Island: x10088, z11814
03:53 -Miarkraim placed suspicious WATER_BUCKET @ Killer_Island: x10088, z11814
03:53 -Miarkraim placed suspicious WATER_BUCKET @ Killer_Island: x10088, z11814
03:53 -Miarkraim placed suspicious WATER_BUCKET @ Killer_Island: x10088, z11814
04:45 mr_matthews placed suspicious WATER_BUCKET @ Killer_Island: x-310, z-1853
04:46 mr_matthews placed suspicious WATER_BUCKET @ Killer_Island: x-310, z-1852
04:46 mr_matthews placed suspicious WATER_BUCKET @ Killer_Island: x-310, z-1852
04:47 mr_matthews placed suspicious WATER_BUCKET @ Killer_Island: x-310, z-1853
04:48 mr_matthews placed suspicious WATER_BUCKET @ Killer_Island: x-310, z-1853
05:59 -Miarkraim      : Spent all night digging, finally got silk touch, gathering the last of what I found and headed to bed soon
05:59 shadowy__duckie : yay! im glad you got what you needed
06:02 -Miarkraim      : Found 4 spawners, 2 mineshafts, and a geode before I found 2 diamond veins
06:03 shadowy__duckie : sounds like you had a successful mining trip
06:03 shadowy__duckie : how many diamonds did you get
06:04 -Miarkraim      : 12
06:04 shadowy__duckie : thats awesome!
06:04 -Miarkraim      : Been on 10 hours
06:06 shadowy__duckie : wow. at least you actually found stuff. you could have ended up with nothing
06:08 -Miarkraim      : There a command to get back to spawn?
06:09 -Miarkraim      : Have home set to my base and it says can only have one
06:11 -Miarkraim      : Still tells me can only set 1 home
06:12 -Miarkraim      : I can just fly back
06:13 Stabaho187      : want teleport
06:14 -Miarkraim      : Nah, almsot there
06:15 Stabaho187      : i just switched off that skin
06:36 -Miarkraim      : Sure you finally show up as I am headed to bed
06:36 -NixRagnarson   : pfft sorry dude
06:38 -Miarkraim      : Got 2 Zombie and a skellie spawner before I found a second vien of diamonds
06:41 -Miarkraim      : Next project is to make an xp farm then connect to the nether tunnels
06:41 -NixRagnarson   : ive got try and set my portal up today DX
06:43 -NixRagnarson   : that would be awesome please i am useless with portals
06:45 -Miarkraim      : Wandered the hub a bit but didn't find the endermen farm
06:49 -NixRagnarson   : so goodbye yellow brick road! awesome song!
06:51 -Miarkraim      : Yea
06:52 -NixRagnarson   : 12 et
06:52 -Miarkraim      : 88 minutes from now
06:52 -Miarkraim      : Is start
07:27 -NixRagnarson   : found a new stronghold
08:26 -NixRagnarson   : yo o/
08:27 -Dazed6977      : sup
08:27 -lowerlevelll   : Hello
08:27 -Sierralovesyou2: hi (:
08:29 -Dazed6977      : no
08:29 -lowerlevelll   : Noon est
08:29 -Dazed6977      : what is it
08:30 -Sierralovesyou2: What is it
08:30 -Dazed6977      : oh
08:30 -Dazed6977      : how do we get in
08:32 -lowerlevelll   : What u up to nix
08:33 -Dazed6977      : it wont work
08:34 -lowerlevelll   : U can wach on youtube
08:34 -Dazed6977      : ok
08:53 Black00Widow    : can anyone sleep?
08:53 shadowy__duckie : thanks
09:01 Stabaho187      : its live
09:03 Black00Widow    : daytime one more time please?
09:04 Black00Widow    : transporting villagers
09:04 Black00Widow    : thanks!
09:14 -NixRagnarson   : it makes me panic bad XD
09:14 Black00Widow    : someone sleep again?
09:15 Black00Widow    : sorry we are 8000 blocks from home
09:15 Black00Widow    : they are leashed, i'm too afraid to fly
09:18 shadowy__duckie : i can see it
09:19 Black00Widow    : stab i lost mine
09:20 Black00Widow    : he was here a second ago
09:20 Black00Widow    : I didn't land in the water, he died.
09:20 Black00Widow    : duckie is mad at me now
09:21 Black00Widow    : I landed on land and i had to land in the water
09:21 Black00Widow    : so he's gone
09:21 Black00Widow    : aww thanks
09:22 Black00Widow    : i'm gonna teleport home, duckie lost hers and is mad and logged off
09:23 Black00Widow    : one of them had mending, thats why she was doing it
09:23 shadowy__duckie : and it was a snowy villager
09:23 shadowy__duckie : they are my favorite
09:23 Black00Widow    : i'm not good at this leash bit yet. LOL
09:24 shadowy__duckie : i just give up
09:25 Black00Widow    : thanks for trying stab
09:25 shadowy__duckie : thank you
09:26 shadowy__duckie : really?
09:26 shadowy__duckie : ok
09:26 Black00Widow    : i went to duckie's house
09:26 shadowy__duckie : ok
09:27 -NixRagnarson   : yeet
09:28 shadowy__duckie placed suspicious AXOLOTL_BUCKET @ Killer_Island: x-1682, z886
09:30 shadowy__duckie : t opens it
09:30 shadowy__duckie : thank you!
09:31 Stabaho187      : java is different
09:31 Stabaho187      : says your power level when i look at you
09:31 Black00Widow    : yeah i see your power level too
09:32 Stabaho187      : how do you throw a item on java
09:32 shadowy__duckie : q
09:32 Black00Widow    : letter q
09:34 -NixRagnarson   : thanks
09:35 shadowy__duckie : thats cool
09:37 shadowy__duckie : oh ok
09:37 shadowy__duckie : thanks
09:40 shadowy__duckie : i dont know
09:41 shadowy__duckie : wait
09:41 shadowy__duckie : yeah
09:41 shadowy__duckie : thank you
09:42 Black00Widow    : wooooooo!
09:46 Black00Widow    : frustrating villager! go over near the lecturn dumb villager
09:47 RadmobileGaming : you can use a lead to drag them around
09:47 shadowy__duckie : i didnt have any on me but i put him in a boat
09:47 Black00Widow    : lol it's quite comical
09:47 RadmobileGaming : lenr0c86 died right outside my nether tunne
09:49 shadowy__duckie : yeah
09:49 Black00Widow    : i always assumed you played on java since it's a java server
09:49 Black00Widow    : gotcha
09:49 shadowy__duckie : that makes sense
10:00 RadmobileGaming : silk touch and mending books for sale at spawn
10:01 shadowy__duckie : what did that do
10:05 shadowy__duckie : oh ok
10:06 shadowy__duckie : haha
10:08 RadmobileGaming : i just wanna know when it's going to be released
10:08 RadmobileGaming : oh i meant when is 18 coming
10:10 -NixRagnarson   : me too, the end is my favourite thing in game
10:11 RadmobileGaming placed suspicious WATER_BUCKET @ Killer_Island: x420, z3236
10:11 RadmobileGaming placed suspicious WATER_BUCKET @ Killer_Island: x420, z3236
10:15 RadmobileGaming : is warden 1.19?
10:17 shadowy__duckie : what does the allay do
10:18 shadowy__duckie : ok cool
10:18 -NixRagnarson   : boat chests at last!
10:23 RadmobileGaming : those bricks are cool
10:24 RadmobileGaming : can you get a cape from this?
10:25 RadmobileGaming : i have one cape from merging my account with microsoft
10:27 RadmobileGaming : lol
10:28 RadmobileGaming : i feel like tropical frogs should bright colors
10:32 RadmobileGaming : so when is 18 coming
10:41 Stabaho187      : i believe i fixed the end portal
10:53 Stabaho187      : can i do a quick reboot?
10:53 -Vampires_Heart6: Hello
10:53 -Vampires_Heart6: Need me to log
10:53 Stabaho187      : no it a save and log you
10:54 -Vampires_Heart6: Kk
10:54 Stabaho187      : it takes about 1 min
10:54 -Vampires_Heart6: Ty
12:22 -NixRagnarson: yeah
12:40 -NixRagnarson: that is strange
12:47 -NixRagnarson: no death chest :/
12:47 -Dazed6977   : what do you mean
12:48 -NixRagnarson: went back to where i died but the death chest was not ther
12:49 -Dazed6977   : ouch
12:49 -NixRagnarson: yeah :/
13:04 -Dazed6977   : sup stab
13:04 Stabaho187   : hi
13:05 -Dazed6977   : how do i get a shop
13:05 Stabaho187   : what are you going to sell
13:06 -Dazed6977   : i want to sell Armour
13:06 Stabaho187   : ill meet you at spawn and get you a spot
13:09 Stabaho187   : this the spot you like?
13:09 -Dazed6977   : yep
13:10 Stabaho187   : there you go
13:10 Stabaho187   : when you get the building up ill help you setup the trader
13:10 -Dazed6977   : brb
13:16 Stabaho187   : howdy
13:17 mr_matthews  : hello
13:18 -Dazed6977   : stab got on log of dark ok
13:18 -Dazed6977   : oak
13:20 Stabaho187   : you need a chest to keep your items your selling in
13:21 Stabaho187   : you can go back one more square too
13:21 -Dazed6977   : ok
13:21 Stabaho187   : that line with fence is yours too
13:23 Stabaho187   : did you catch minecraft live?
13:26 -Dazed6977   : sorry ipad died
13:27 Stabaho187   : i play on ipad too
13:27 -Dazed6977   : cool
13:28 -Dazed6977   : xan you sleep
13:40 -Dazed6977   : done
13:42 -Dazed6977   : yo stab
13:55 -ShadowGiver902: hey guys
13:56 -Dazed6977     : Dazeds goods
13:56 Stabaho187     : try again
13:56 Stabaho187     : these mini heads?
13:57 -Dazed6977     : i dont know to lower the prices
13:57 -Dazed6977     : and tes
13:57 Stabaho187     : doyou use a controler?
13:57 -Dazed6977     : no ipad
13:58 Stabaho187     : you know you can hook a controler up toyour ipad
13:58 Stabaho187     : dont set emeralds this time
13:58 -Dazed6977     : does ps4 work
13:58 Stabaho187     : i use ps4 controller
13:58 -Dazed6977     : ok
14:00 -ShadowGiver902: hey stab can u hook up our portal?
14:10 -ShadowGiver902: HEY
14:10 -NixRagnarson  : yo o/
14:13 -ShadowGiver902: sup stab
14:14 -Dazed6977     : yo stab i was fixing my shop buliding and the my shopkeeper disapeered
14:16 Stabaho187     : ready for a show mrmatt
14:16 mr_matthews    : shop not open yet :D
14:16 Stabaho187     : shop
14:16 mr_matthews    : cmon mate, customers are starting to que up
14:16 Stabaho187     : pick a spot for your shop matthews
14:17 -Dazed6977     : hey matthews
14:17 mr_matthews    : idk how to do shops yet, not reallly got anything to sell until im set up properly
14:18 -ShadowGiver902: i bet all the ancient debras has been mined out in the server by now innit
14:18 mr_matthews    : ill take a corner slot though :D
14:19 Stabaho187     : all yours
14:19 mr_matthews    : did besto get his diamonds back?
14:19 mr_matthews    : ty
14:19 Stabaho187     : i dont think so
14:19 mr_matthews    : do i need to claim landd
14:21 mr_matthews    :  placed a sign @ Killer_Island: x-1143, z1050
  Mr Matthews
  shop
  Coming July 2052
14:23 Stabaho187     :  placed a sign @ Killer_Island: x-1148, z1034
  Mini Blocks
  For Sale
14:23 -NixRagnarson  : got my stuff thanks stab
14:24 Stabaho187     : lol you went that far out?
14:24 -NixRagnarson  : i like exploring XD
14:24 Stabaho187     : area didnt look bad
14:25 Stabaho187     : your shop need some light dazed
14:25 -Dazed6977     : pk
14:25 -NixRagnarson  : its ok prefer mine
14:25 Stabaho187     : had nice horse spawn and a ravine
14:28 -Dazed6977     : alright connected my contrilor
14:29 mr_matthews    : there, some diamonds for ya lol
14:29 -ShadowGiver902: how kind
14:29 -ShadowGiver902: ;)
14:31 -NixRagnarson  : anyone sellin fortune 3 and mending?
14:31 Stabaho187     : i have a trading hall
14:31 mr_matthews    : what you putting it on?
14:32 -IAmFriendBesto: ive got some mending books
14:33 -NixRagnarson  : nice
14:33 -IAmFriendBesto: let me know if you need one
14:34 mr_matthews    : i have a mending 1 fortune 3 iron pick in a chest at my base free
14:38 Stabaho187     : i seen a skeleton knight
14:38 Stabaho187     : died easier then the king
14:40 Stabaho187     : did you notice how easy the zombies pick up items besto?
14:40 -IAmFriendBesto: yeah
14:40 -IAmFriendBesto: thats why that husk has an axe
14:43 Stabaho187     : what spell you flipping for?
14:44 -IAmFriendBesto: fortune
14:44 Stabaho187     : want me to flip a while?
14:44 -IAmFriendBesto: nah. im good. i don't mind the work
14:44 Stabaho187     : im sorry i destroyed all your villagers
14:45 -IAmFriendBesto: i promised someone a fortune pick and i thiught i had the book but i cant find it.
14:45 -IAmFriendBesto: ah no worries. im getting them back slowly
14:45 Stabaho187     : i have a fortune 3 in the hall
14:45 -Dazed6977     : i have a fourtune three right now
14:46 -Dazed6977     : its fre
14:46 -Dazed6977     : meet me at spawn
14:46 Stabaho187     : hes not going to come
14:46 -IAmFriendBesto: i can't go to spawn
14:46 -Dazed6977     : why want me to come to you
14:46 Stabaho187     : he likes to grind
14:47 -IAmFriendBesto: im good. thank you though
14:47 -Dazed6977     : ok
15:13 -Dazed6977     : yo stab
15:14 Stabaho187     : yes
15:14 -Dazed6977     : is there a way i can instantly go to spawn
15:15 mr_matthews    : is that different from bed?
15:17 -Dazed6977     : it says i dont have you permission
15:17 mr_matthews    : hmm not for me, im spawning here when i type home or home spawn
15:21 mr_matthews    : is there a command to tele to bed too?
15:22 mr_matthews    : nah home brings me here, death takes me to bed lol
15:23 mr_matthews    : ok
15:24 -IAmFriendBesto:  placed a sign @ Killer_Island: x-1984, z991
  from your
  neighbor to the
  north 
15:26 mr_matthews    : oh yea, says error, cant set more then 1 home
15:29 Black00Widow   : besto!!!! Did you leave me a present??? THANK YOU
15:30 -IAmFriendBesto: i did and you're very welcome :)
15:30 Black00Widow   : <3 :)
15:31 -IAmFriendBesto: funny thing is i literally got back to my base, as you logged on. if you would have been on 1 minute sooner you would have caught me lol
15:31 Black00Widow   : lol
15:32 -Dazed6977     :  placed a sign @ Killer_Island: x-1091, z271
  To Dad 
  Love Lexus
15:32 Black00Widow   : i just got back from dropping duckie off at a friend's.
15:33 -Dazed6977     : ok
15:33 mr_matthews    : sweet, got ''home base'' and ''home shop'' set up now
15:35 Black00Widow   : i was wondering about that. LOL what did nix die from?
15:35 Black00Widow   : i'm guessing a creeper
15:35 -NixRagnarson  : creeperXD
15:36 Black00Widow   : snort
15:38 Black00Widow   : lol
15:51 Black00Widow   : how many enchantments can a diamond sword have?
15:55 Black00Widow   : okay cool
15:56 Black00Widow   : yeah, i wanted to add mending and wanted to make sure i wasn't wasting it or something
16:00 mr_matthews    : you on stab?
16:08 mr_matthews    : ow
16:08 Stabaho187     : good puppies
16:09 mr_matthews    : puppies lol, vicous dogs
16:09 Stabaho187     : you were looking for me
16:09 mr_matthews    : hey stab are u able to delete the 128 square of glass above my base?
16:10 Stabaho187     : yea but only the same way you could by breaking
16:10 mr_matthews    : ah was hoping you could edit lol
16:10 Stabaho187     : oh maybe ill google it
16:11 Stabaho187     : how fast do you think the dogs will eat spencer
16:11 mr_matthews    : dogs cant fly so not to fast :D
16:12 mr_matthews    : need a pack of pigs instead
16:12 Stabaho187     : i think fast in that iron armor
16:13 mr_matthews    : home made skin lol
16:13 mr_matthews    : ill stay as steve tyvm
16:54 mr_matthews    : stab, can u use fill commands to edit world?
16:55 mr_matthews    : so can u fill the coordinates on the glass with air, was just looking at a youtube video
16:57 mr_matthews    : ive never been the brightest
16:57 spenceronline  : I can
16:57 mr_matthews    : minecraft noob
17:03 mr_matthews    : .. /fill 82.5 166.5 -1717.5 -601.5 166.5 -1977.5 air ... idk if commands work the same but thats the coordinates i believe
17:06 mr_matthews    : nope
17:07 mr_matthews    : maybe Y 1 block higher or lower
17:07 mr_matthews    : probably just deleted some poor dudes base lol
17:08 Stabaho187     : yea cause those numbers you gave me dont line up with this
17:08 mr_matthews    : ive gone from corner to corner, just 1/3 of the glass
17:09 mr_matthews    : we are now at each corner i marked up
17:11 mr_matthews    : boom
17:11 Stabaho187     : did /replace air
17:11 mr_matthews    : stab the demolition expert
17:11 Stabaho187     : i should do replace snow
17:11 Stabaho187     : and let it snow
17:11 mr_matthews    : tmuch better lol, good job :D
17:11 mr_matthews    : lol i dont want snow :o
17:12 Stabaho187     : sand?
17:12 mr_matthews    : no lol
17:12 mr_matthews    : should just drop 10 layers of sand on unsuspecting players
17:13 mr_matthews    : lo
17:13 Stabaho187     : i survived the same fall
17:13 mr_matthews    : i usually do when fly is on
17:14 Stabaho187     : fly disables for both people when combat starts
17:14 mr_matthews    : ah
17:14 Stabaho187     : hit me once
17:14 Stabaho187     : takes you out of creative mode too
17:14 mr_matthews    : lol
17:14 mr_matthews    : nearly killed myself
17:16 mr_matthews    : oh sweet daylight, how i missed you
17:16 Stabaho187     : lol
17:24 -Miarkraim     : Hi
17:24 -Vampires_Heart6: Shoot i have no idea where i was
17:24 Stabaho187      : it dont tell you the coords you died at when you die?
17:24 mr_matthews     : try type /back?
17:25 -Vampires_Heart6: Whew the back c
17:26 Stabaho187      : ive been experimenting letting people use /back
17:50 -TurningCupid   : hows everyone doing tonight?
17:50 Black00Widow    : doing okay, how about you?
17:51 -TurningCupid   : not too bad, happy to be home :)
17:51 Black00Widow    : i will be out of town next weekend again and i'm already tired thinking about it
17:53 -TurningCupid   : anyone gonan be hanging in VC tonight?
17:54 Black00Widow    : i probably will in a little when I finish watching the show i'm watching
17:58 -TurningCupid   : hell yeah, runs so much bettter, mine is an eye sore running down my stairs but i gve no f's lol
18:01 -TurningCupid   : who dis
18:01 -TurningCupid   : and omg thats crappy! Are they gonna be joining?
18:03 -TurningCupid   : Oof i bet!
18:04 -TurningCupid   : Becauseits the best nether biome lol
18:05 -TurningCupid   : true
18:05 -TurningCupid   : @stabaho187 am i able to set a home to spawn or no because its your land?
18:07 -TurningCupid   : okay cool, also wanted one near the enderfarm farm haha
18:14 -TurningCupid   : Marky do you need help with the tunneling?
18:16 -TurningCupid   : Marrrrrrrrrrrrrrrrk
18:22 Stabaho187      : i find alot of netherite digging nether tunnels
18:27 -TurningCupid   : How come we dont see your name?
18:28 Stabaho187      : just finished nix portal
18:28 Stabaho187      : what do you see?
18:28 -TurningCupid   : hearts
18:28 Stabaho187      : the hearts are messing up names
18:28 -Miarkraim      : Hearts
18:28 -TurningCupid   : kindaaaaaaaaaa wanting to hit you haha
18:28 Stabaho187      : im a be disabling them
18:29 -TurningCupid   : omg
18:29 -TurningCupid   : ouchy
18:29 Stabaho187      : why you jump off the ledge
18:29 -TurningCupid   : i am the danger
18:30 Stabaho187      : found those 2 netherride digging nix tunnel
18:30 -TurningCupid   : oooooo sweet, dug both my tunnels and found none
18:30 -TurningCupid   : only those 2 that you seen me find in the main tunnel lol
18:30 Stabaho187      : i find alot at this level
18:31 -TurningCupid   : Thats why they call me stupid cupid
18:31 -TurningCupid   : lmfaooo
18:31 Stabaho187      : your name is hearts now
18:33 Stabaho187      : why you guys using the wrong tunnel
18:34 -TurningCupid   : this one is faster to spawn lol
18:34 Stabaho187      : how sway
18:45 -TurningCupid   : Just widdened that whole tunnel by 1 and no debri -.-
18:57 Stabaho187      : let me see swords or books and try
19:01 Stabaho187      : do you want me to link your portal to the highway?
19:02 -Miarkraim      : Do i forgot to light it
19:03 Stabaho187      : need to go up 5 more and to 1253, 1480 for this portal
19:04 Stabaho187      : highway connects at y 117
19:04 -Vampires_Heart6: Does someone have 6 string they can trade for food items?
19:14 -Vampires_Heart6: Is there anywhere to grind out string?
19:15 RadmobileGaming : hello
19:15 -Vampires_Heart6: Hey
19:19 Stabaho187      : gave you some string
19:19 -Vampires_Heart6: Tyvm anything you need
19:20 -Dazed6977      : sup
19:20 Stabaho187      : nah i grabbed it from a broken creeper farm that spawns spiders too
19:20 -Vampires_Heart6: Kk ty again
19:22 -Vampires_Heart6: Hey dazed would you mind fixing the wall by your house. It wont let me
19:22 -Dazed6977      : ok
19:23 -Dazed6977      : wait witch wall
19:23 -Vampires_Heart6: Ill run to it
19:24 -Dazed6977      : i dont have a wall
19:25 -Vampires_Heart6: There is a chest you own in my town lol
19:25 -Dazed6977      : where are you
19:26 Stabaho187      : i got it dazed
19:26 Stabaho187      : there you go vamp
19:26 -Vampires_Heart6: -1179 and -11021
19:26 -Vampires_Heart6: Ty Stab
19:30 -IAmFriendBesto : hey miark
19:30 -Miarkraim      : Hi
19:30 -IAmFriendBesto : come by my base real quick
19:31 -IAmFriendBesto : can you get to the nether highway?
19:32 RadmobileGaming : why is there a wither skeleton in my ocean monument farm
19:32 -IAmFriendBesto : meet me at the intersection
19:32 RadmobileGaming : it's under water and it has a sword and shield
19:33 RadmobileGaming : lol is he gonna wreck me?
19:34 -IAmFriendBesto : im here miark
19:35 -IAmFriendBesto : no problem
19:35 RadmobileGaming : yeah stab, it'll need a name tag, which ih ave
19:36 RadmobileGaming : wanna try it real quick?
19:36 RadmobileGaming : just one is fine
19:37 RadmobileGaming : run stab
19:37 RadmobileGaming : ty
19:38 RadmobileGaming : he should stay now
19:38 -Vampires_Heart6: Brb switching tvs
19:51 mr_matthews     : anyone got cobbled deepslate/blackstone for sale
20:52 RadmobileGaming : o/
20:52 Athwee          : hello
20:55 RadmobileGaming : herro
21:21 Athwee          : so apperently if you dig enough and your level is high enough you get daimonds? lol
21:21 RadmobileGaming : in theory, yes
21:22 Athwee          : I've gotten like 5 daimonds from miningsand. my level is 362
21:23 Athwee          : excavating. whatever it is
21:23 Athwee          : lol
21:23 -Miarkraim      : Digging dirt sand gravel
21:23 RadmobileGaming : oh yeah, that's a thing
21:36 Athwee          : can anyone sleep please?
21:37 Black00Widow    : sure I got you
21:49 -Miarkraim      : Hi
21:49 -lowerlevelll   : Hay now
21:49 RadmobileGaming : you're an allstar
21:49 -lowerlevelll   : ¬_¬
21:50 -lowerlevelll   : Haha
22:21 Athwee          : oop
22:21 Athwee          : thanks. lol
22:28 Athwee          : If anyone come down to my nether tunnel area I have a samll shop of enchanted books and other things for a diamond
22:29 Athwee          : also have a have of free things. just take what you need
22:31 RadmobileGaming : thanks for the purchas
22:31 RadmobileGaming : e
22:34 -Miarkraim      : Hi len
22:34 -lenr0c86       : Hi
22:37 -lowerlevelll   : Your chest is in the nether
22:37 -lenr0c86       : Thanx
22:38 -lenr0c86       : Icant recall where
22:38 -lowerlevelll   : On the main high way
22:39 RadmobileGaming : it's on the south side it's by my tunnel
22:39 -lenr0c86       : Ok, thnx
22:45 -Miarkraim      : Anyone sell unbreaking books
22:46 Athwee          : I can get some realy quick
22:46 RadmobileGaming : i haven't been able to get a villager to sell them to me yet. I didn't really wanna sell books but no one else is
22:46 -lowerlevelll   : Night everyone
22:46 BigBeast89      : night
22:47 -Miarkraim      : Looking for 5
22:49 -lenr0c86       : Thanx mark
22:50 -lenr0c86       : :)
22:50 Athwee          : unbreaking, eff 5 and mending in shop
22:55 Athwee          : did you want them all?
22:56 Athwee          : I can give back the diamonds for what you didn't want forbooks
22:56 Athwee          : ok
23:15 Athwee placed suspicious WATER_BUCKET @ Killer_Island: x-2269, z-1294
23:27 Athwee          : there is no fish spawning in the coral :(
23:33 Athwee placed suspicious AXOLOTL_BUCKET @ Killer_Island: x-2274, z-1291
23:33 Athwee placed suspicious AXOLOTL_BUCKET @ Killer_Island: x-2274, z-1291
23:36 Athwee placed suspicious AXOLOTL_BUCKET @ Killer_Island: x-2274, z-1291
23:37 Athwee placed suspicious AXOLOTL_BUCKET @ Killer_Island: x-2274, z-1291
23:37 Athwee placed suspicious AXOLOTL_BUCKET @ Killer_Island: x-2273, z-1291
23:37 Athwee placed suspicious AXOLOTL_BUCKET @ Killer_Island: x-2273, z-1291
23:38 Athwee placed suspicious TROPICAL_FISH_BUCKET @ Killer_Island: x-2273, z-1291
23:38 Athwee placed suspicious TROPICAL_FISH_BUCKET @ Killer_Island: x-2273, z-1291
23:38 Athwee placed suspicious TROPICAL_FISH_BUCKET @ Killer_Island: x-2273, z-1291
23:38 Athwee placed suspicious COD_BUCKET @ Killer_Island: x-2273, z-1291
23:45 -Miarkraim      : Hi
23:45 -NixRagnarson   : hey
