07:32 -Dazed6977 placed suspicious WATER_BUCKET @ Killer_Island: x-986, z243
07:32 -Dazed6977 placed suspicious WATER_BUCKET @ Killer_Island: x-987, z245
08:03 -Dazed6977      : mornig
08:04 -TurningCupid   : Godo morning
08:04 -TurningCupid   : good*
08:04 -Dazed6977      : ive been on for 2 hours
08:06 -TurningCupid   : nice! What are you working on?
08:06 -Dazed6977      : a sky base
08:06 -TurningCupid   : Oh awesome!
08:09 -Dazed6977      : btw do you have any wool
08:09 -Dazed6977      : i need lots for my sky base
08:10 -TurningCupid   : No i dont have any actually, i dont even have a sheep yet lol
08:10 -Dazed6977      : ok whats your cords
08:11 -TurningCupid   : 9800 7500ish
08:41 -TurningCupid   : gotta make my kiddos, be back soona
10:17 -TurningCupid   : hello
10:18 -IAmFriendBesto : hey!
10:19 -IAmFriendBesto : how goes it
10:20 -TurningCupid   : Its gooood, just got my turkey in the oven adn now im finishing up my starter base
10:20 -TurningCupid   : what about you?
10:21 -IAmFriendBesto : looking for sheep so i can finish setting up my first shop
10:22 -TurningCupid   : ooooh nice, wool shop?
10:23 -IAmFriendBesto : no, i just need the wool for banners to name the shop lol
10:48 -TurningCupid   : i went to make sticks and it gave me legsplints, wtf
10:49 -TurningCupid   : but how do you break a leg?
10:49 -TurningCupid   : can i break someone else leg?
10:49 -TurningCupid   : i thought it was making them with planks
10:50 -TurningCupid   : Now im using them to vlaim land lol
10:51 -TurningCupid   : wanna see my hobbit hole?
10:51 -Stabaho187     : sure but llll showed me already but ill look again
10:52 -TurningCupid   : He has a seperate one
10:52 -TurningCupid   : still working on it but yeah
10:52 -Stabaho187     : nice
10:53 -TurningCupid   : so are these leg splints garbage then?
10:54 -TurningCupid   : i was able to make sticks now, i dont know how i made the splints
10:54 -Stabaho187     : you can make other stuff too like refreshing drink so when your in the desert and get thirsty
10:55 -TurningCupid   : awesome! Is there a site i can read up on that has info about the plugins?
10:55 -Stabaho187     : you can also make needles
10:55 -TurningCupid   : Wouldnt mind seeing other things i can accidently make haha
10:55 -TurningCupid   : oh?
10:56 -TurningCupid   : cool thanks
10:56 -TurningCupid   : Love these mods
10:56 -Stabaho187     : you need the needles to make vacinnes
10:56 -TurningCupid   : Covid? lol
10:56 -Stabaho187     : it just doesnt run on this world its too much for people who are not expecting it
10:56 -Stabaho187     : no vacinne for malaria and other diseases
10:57 -TurningCupid   : Oh thats awsome, thats all the super survival world?
10:57 -TurningCupid   : omg does it also have extreme weather cycle?
11:00 -TurningCupid   : thats so cool, im reading about the jobs right now
11:07 RadmobileGaming : i'm getting raided
11:27 RadmobileGaming: we went back in time
11:28 -TurningCupid  : yeah luckily i was onyl mining
11:32 -TurningCupid  : Just got 13 diamonds in one spot :O
14:28 -Dazed6977 placed suspicious TROPICAL_FISH_BUCKET @ Killer_Island: x-938, z214
14:42 -Dazed6977 placed suspicious PUFFERFISH_BUCKET @ Killer_Island: x-599, z266
14:51 -Dazed6977     : yes were ok
17:17 RadmobileGaming: mending books for sale at spawn
17:17 RadmobileGaming: at the prisma shop
17:17 -TurningCupid  : woohoooo
17:42 -HotAshML      : Hi
18:45 -MrsShmeeThumb : Hallo!
18:47 -Noobe_doobe6363: heello
19:02 BlackCats96 placed suspicious WATER_BUCKET @ Killer_Island: x535, z-2040
19:02 BlackCats96 placed suspicious WATER_BUCKET @ Killer_Island: x535, z-2041
19:02 BlackCats96 placed suspicious WATER_BUCKET @ Killer_Island: x535, z-2042
19:02 BlackCats96 placed suspicious WATER_BUCKET @ Killer_Island: x535, z-2043
19:03 BlackCats96 placed suspicious WATER_BUCKET @ Killer_Island: x535, z-2014
19:03 BlackCats96 placed suspicious WATER_BUCKET @ Killer_Island: x535, z-2015
19:03 BlackCats96 placed suspicious WATER_BUCKET @ Killer_Island: x535, z-2016
19:03 BlackCats96 placed suspicious WATER_BUCKET @ Killer_Island: x535, z-2017
19:03 BlackCats96 placed suspicious WATER_BUCKET @ Killer_Island: x535, z-2018
19:03 BlackCats96 placed suspicious WATER_BUCKET @ Killer_Island: x535, z-2019
19:03 BlackCats96 placed suspicious WATER_BUCKET @ Killer_Island: x535, z-2019
19:03 BlackCats96 placed suspicious WATER_BUCKET @ Killer_Island: x535, z-2020
19:03 BlackCats96 placed suspicious WATER_BUCKET @ Killer_Island: x535, z-2021
19:03 BlackCats96 placed suspicious WATER_BUCKET @ Killer_Island: x535, z-2022
19:03 BlackCats96 placed suspicious WATER_BUCKET @ Killer_Island: x535, z-2022
19:03 BlackCats96 placed suspicious WATER_BUCKET @ Killer_Island: x535, z-2022
19:03 BlackCats96 placed suspicious WATER_BUCKET @ Killer_Island: x535, z-2023
19:03 BlackCats96 placed suspicious WATER_BUCKET @ Killer_Island: x535, z-2024
19:03 BlackCats96 placed suspicious WATER_BUCKET @ Killer_Island: x535, z-2024
19:03 BlackCats96 placed suspicious WATER_BUCKET @ Killer_Island: x535, z-2025
19:03 BlackCats96 placed suspicious WATER_BUCKET @ Killer_Island: x535, z-2026
19:03 BlackCats96 placed suspicious WATER_BUCKET @ Killer_Island: x535, z-2027
19:03 BlackCats96 placed suspicious WATER_BUCKET @ Killer_Island: x535, z-2027
19:03 BlackCats96 placed suspicious WATER_BUCKET @ Killer_Island: x535, z-2027
19:03 BlackCats96 placed suspicious WATER_BUCKET @ Killer_Island: x535, z-2028
19:03 BlackCats96 placed suspicious WATER_BUCKET @ Killer_Island: x535, z-2029
19:03 BlackCats96 placed suspicious WATER_BUCKET @ Killer_Island: x535, z-2030
19:03 BlackCats96 placed suspicious WATER_BUCKET @ Killer_Island: x535, z-2031
19:03 BlackCats96 placed suspicious WATER_BUCKET @ Killer_Island: x535, z-2032
19:03 BlackCats96 placed suspicious WATER_BUCKET @ Killer_Island: x535, z-2032
19:03 BlackCats96 placed suspicious WATER_BUCKET @ Killer_Island: x535, z-2033
19:03 BlackCats96 placed suspicious WATER_BUCKET @ Killer_Island: x535, z-2033
19:03 BlackCats96 placed suspicious WATER_BUCKET @ Killer_Island: x535, z-2034
19:03 BlackCats96 placed suspicious WATER_BUCKET @ Killer_Island: x535, z-2034
19:03 BlackCats96 placed suspicious WATER_BUCKET @ Killer_Island: x535, z-2035
19:03 BlackCats96 placed suspicious WATER_BUCKET @ Killer_Island: x535, z-2036
19:03 BlackCats96 placed suspicious WATER_BUCKET @ Killer_Island: x535, z-2037
19:03 BlackCats96 placed suspicious WATER_BUCKET @ Killer_Island: x535, z-2038
19:03 BlackCats96 placed suspicious WATER_BUCKET @ Killer_Island: x535, z-2039
19:03 BlackCats96 placed suspicious WATER_BUCKET @ Killer_Island: x535, z-2039
19:03 BlackCats96 placed suspicious WATER_BUCKET @ Killer_Island: x534, z-2043
19:03 BlackCats96 placed suspicious WATER_BUCKET @ Killer_Island: x534, z-2042
19:03 BlackCats96 placed suspicious WATER_BUCKET @ Killer_Island: x534, z-2041
19:03 BlackCats96 placed suspicious WATER_BUCKET @ Killer_Island: x534, z-2040
19:03 BlackCats96 placed suspicious WATER_BUCKET @ Killer_Island: x534, z-2039
19:03 BlackCats96 placed suspicious WATER_BUCKET @ Killer_Island: x534, z-2038
19:03 BlackCats96 placed suspicious WATER_BUCKET @ Killer_Island: x534, z-2037
19:03 BlackCats96 placed suspicious WATER_BUCKET @ Killer_Island: x534, z-2036
19:03 BlackCats96 placed suspicious WATER_BUCKET @ Killer_Island: x534, z-2035
19:03 BlackCats96 placed suspicious WATER_BUCKET @ Killer_Island: x534, z-2034
19:03 BlackCats96 placed suspicious WATER_BUCKET @ Killer_Island: x534, z-2033
19:03 BlackCats96 placed suspicious WATER_BUCKET @ Killer_Island: x534, z-2032
19:03 BlackCats96 placed suspicious WATER_BUCKET @ Killer_Island: x534, z-2031
19:03 BlackCats96 placed suspicious WATER_BUCKET @ Killer_Island: x534, z-2030
19:03 BlackCats96 placed suspicious WATER_BUCKET @ Killer_Island: x534, z-2030
19:03 BlackCats96 placed suspicious WATER_BUCKET @ Killer_Island: x534, z-2029
19:03 BlackCats96 placed suspicious WATER_BUCKET @ Killer_Island: x534, z-2028
19:03 BlackCats96 placed suspicious WATER_BUCKET @ Killer_Island: x534, z-2027
19:03 BlackCats96 placed suspicious WATER_BUCKET @ Killer_Island: x534, z-2026
19:03 BlackCats96 placed suspicious WATER_BUCKET @ Killer_Island: x534, z-2026
19:03 BlackCats96 placed suspicious WATER_BUCKET @ Killer_Island: x534, z-2025
19:03 BlackCats96 placed suspicious WATER_BUCKET @ Killer_Island: x534, z-2024
19:03 BlackCats96 placed suspicious WATER_BUCKET @ Killer_Island: x534, z-2023
19:03 BlackCats96 placed suspicious WATER_BUCKET @ Killer_Island: x534, z-2022
19:03 BlackCats96 placed suspicious WATER_BUCKET @ Killer_Island: x534, z-2021
19:03 BlackCats96 placed suspicious WATER_BUCKET @ Killer_Island: x534, z-2020
19:03 BlackCats96 placed suspicious WATER_BUCKET @ Killer_Island: x534, z-2019
19:03 BlackCats96 placed suspicious WATER_BUCKET @ Killer_Island: x534, z-2018
19:03 BlackCats96 placed suspicious WATER_BUCKET @ Killer_Island: x534, z-2018
19:03 BlackCats96 placed suspicious WATER_BUCKET @ Killer_Island: x534, z-2017
19:03 BlackCats96 placed suspicious WATER_BUCKET @ Killer_Island: x534, z-2016
19:03 BlackCats96 placed suspicious WATER_BUCKET @ Killer_Island: x534, z-2015
19:03 BlackCats96 placed suspicious WATER_BUCKET @ Killer_Island: x534, z-2014
19:03 BlackCats96 placed suspicious WATER_BUCKET @ Killer_Island: x534, z-2013
19:03 BlackCats96 placed suspicious WATER_BUCKET @ Killer_Island: x534, z-2012
19:03 BlackCats96 placed suspicious WATER_BUCKET @ Killer_Island: x535, z-2012
19:03 BlackCats96 placed suspicious WATER_BUCKET @ Killer_Island: x535, z-2012
19:04 BlackCats96 placed suspicious WATER_BUCKET @ Killer_Island: x535, z-2013
19:31 -lowerlevelll   : Hello
19:32 -TurningCupid   : hiiiiiii
19:47 RadmobileGaming placed suspicious WATER_BUCKET @ Killer_Island: x478, z3368
19:49 RadmobileGaming placed suspicious WATER_BUCKET @ Killer_Island: x478, z3370
19:50 RadmobileGaming placed suspicious WATER_BUCKET @ Killer_Island: x478, z3370
19:50 SquishieDragon placed suspicious WATER_BUCKET @ Killer_Island: x478, z3370
19:50 SquishieDragon placed suspicious WATER_BUCKET @ Killer_Island: x478, z3370
19:50 SquishieDragon placed suspicious WATER_BUCKET @ Killer_Island: x478, z3370
19:51 RadmobileGaming placed suspicious WATER_BUCKET @ Killer_Island: x478, z3370
19:52 SquishieDragon placed suspicious WATER_BUCKET @ Killer_Island: x478, z3370
19:52 SquishieDragon placed suspicious WATER_BUCKET @ Killer_Island: x478, z3370
19:53 RadmobileGaming placed suspicious WATER_BUCKET @ Killer_Island: x478, z3370
19:53 RadmobileGaming placed suspicious WATER_BUCKET @ Killer_Island: x478, z3370
19:57 SquishieDragon placed suspicious WATER_BUCKET @ Killer_Island: x480, z3370
20:00 RadmobileGaming : rip
20:02 -MrsShmeeThumb placed suspicious WATER_BUCKET @ Killer_Island: x154, z-2513
20:02 -MrsShmeeThumb placed suspicious WATER_BUCKET @ Killer_Island: x158, z-2514
20:03 -MrsShmeeThumb placed suspicious WATER_BUCKET @ Killer_Island: x158, z-2516
20:08 SquishieDragon placed suspicious WATER_BUCKET @ Killer_Island: x486, z3366
20:35 SquishieDragon placed suspicious WATER_BUCKET @ Killer_Island: x479, z3371
20:35 SquishieDragon placed suspicious WATER_BUCKET @ Killer_Island: x477, z3371
20:35 -MrsShmeeThumb placed suspicious WATER_BUCKET @ Killer_Island: x154, z-2552
20:35 SquishieDragon placed suspicious WATER_BUCKET @ Killer_Island: x477, z3369
20:35 SquishieDragon placed suspicious WATER_BUCKET @ Killer_Island: x479, z3369
20:35 SquishieDragon placed suspicious WATER_BUCKET @ Killer_Island: x481, z3369
20:46 SquishieDragon placed suspicious WATER_BUCKET @ Killer_Island: x504, z3378
20:50 SquishieDragon placed suspicious WATER_BUCKET @ Killer_Island: x488, z3368
20:52 SquishieDragon placed suspicious WATER_BUCKET @ Killer_Island: x504, z3356
20:54 SquishieDragon placed suspicious WATER_BUCKET @ Killer_Island: x489, z3365
20:56 -MrsShmeeThumb placed suspicious WATER_BUCKET @ Killer_Island: x139, z-2555
20:56 -MrsShmeeThumb placed suspicious WATER_BUCKET @ Killer_Island: x137, z-2555
20:56 -MrsShmeeThumb placed suspicious WATER_BUCKET @ Killer_Island: x135, z-2555
20:56 -MrsShmeeThumb placed suspicious WATER_BUCKET @ Killer_Island: x138, z-2555
20:56 -MrsShmeeThumb placed suspicious WATER_BUCKET @ Killer_Island: x136, z-2555
21:01 -MrsShmeeThumb placed suspicious WATER_BUCKET @ Killer_Island: x140, z-2540
21:01 -MrsShmeeThumb placed suspicious WATER_BUCKET @ Killer_Island: x141, z-2541
21:01 -MrsShmeeThumb placed suspicious WATER_BUCKET @ Killer_Island: x142, z-2542
21:01 -MrsShmeeThumb placed suspicious WATER_BUCKET @ Killer_Island: x139, z-2539
21:01 -MrsShmeeThumb placed suspicious WATER_BUCKET @ Killer_Island: x137, z-2539
21:01 -MrsShmeeThumb placed suspicious WATER_BUCKET @ Killer_Island: x135, z-2539
21:01 -MrsShmeeThumb placed suspicious WATER_BUCKET @ Killer_Island: x133, z-2539
21:01 -MrsShmeeThumb placed suspicious WATER_BUCKET @ Killer_Island: x138, z-2539
21:01 -MrsShmeeThumb placed suspicious WATER_BUCKET @ Killer_Island: x134, z-2539
21:01 -MrsShmeeThumb placed suspicious WATER_BUCKET @ Killer_Island: x133, z-2540
21:01 -MrsShmeeThumb placed suspicious WATER_BUCKET @ Killer_Island: x133, z-2543
21:01 -MrsShmeeThumb placed suspicious WATER_BUCKET @ Killer_Island: x133, z-2542
21:01 -MrsShmeeThumb placed suspicious WATER_BUCKET @ Killer_Island: x133, z-2545
21:02 -MrsShmeeThumb placed suspicious WATER_BUCKET @ Killer_Island: x133, z-2546
21:02 -MrsShmeeThumb placed suspicious WATER_BUCKET @ Killer_Island: x133, z-2549
21:02 -MrsShmeeThumb placed suspicious WATER_BUCKET @ Killer_Island: x133, z-2548
21:02 -MrsShmeeThumb placed suspicious WATER_BUCKET @ Killer_Island: x133, z-2550
21:02 -MrsShmeeThumb placed suspicious WATER_BUCKET @ Killer_Island: x133, z-2552
21:02 -MrsShmeeThumb placed suspicious WATER_BUCKET @ Killer_Island: x133, z-2553
21:02 -MrsShmeeThumb placed suspicious WATER_BUCKET @ Killer_Island: x143, z-2543
21:02 -MrsShmeeThumb placed suspicious WATER_BUCKET @ Killer_Island: x144, z-2544
21:02 -MrsShmeeThumb placed suspicious WATER_BUCKET @ Killer_Island: x145, z-2545
21:02 -MrsShmeeThumb placed suspicious WATER_BUCKET @ Killer_Island: x146, z-2546
21:02 -MrsShmeeThumb placed suspicious WATER_BUCKET @ Killer_Island: x147, z-2547
21:03 SquishieDragon placed suspicious WATER_BUCKET @ Killer_Island: x500, z3373
21:03 SquishieDragon placed suspicious WATER_BUCKET @ Killer_Island: x497, z3373
21:03 SquishieDragon placed suspicious WATER_BUCKET @ Killer_Island: x492, z3373
21:03 SquishieDragon placed suspicious WATER_BUCKET @ Killer_Island: x493, z3362
21:03 SquishieDragon placed suspicious WATER_BUCKET @ Killer_Island: x497, z3362
21:03 SquishieDragon placed suspicious WATER_BUCKET @ Killer_Island: x497, z3356
21:04 SquishieDragon placed suspicious WATER_BUCKET @ Killer_Island: x488, z3358
21:04 SquishieDragon placed suspicious WATER_BUCKET @ Killer_Island: x488, z3362
21:04 SquishieDragon placed suspicious WATER_BUCKET @ Killer_Island: x488, z3365
21:05 SquishieDragon placed suspicious WATER_BUCKET @ Killer_Island: x492, z3356
21:05 SquishieDragon placed suspicious WATER_BUCKET @ Killer_Island: x494, z3356
21:05 SquishieDragon placed suspicious WATER_BUCKET @ Killer_Island: x489, z3356
21:07 SquishieDragon placed suspicious WATER_BUCKET @ Killer_Island: x502, z3356
21:09 SquishieDragon placed suspicious WATER_BUCKET @ Killer_Island: x499, z3364
21:09 SquishieDragon placed suspicious WATER_BUCKET @ Killer_Island: x499, z3371
21:09 SquishieDragon placed suspicious WATER_BUCKET @ Killer_Island: x491, z3371
21:09 SquishieDragon placed suspicious WATER_BUCKET @ Killer_Island: x500, z3366
21:09 SquishieDragon placed suspicious WATER_BUCKET @ Killer_Island: x500, z3368
21:10 SquishieDragon placed suspicious WATER_BUCKET @ Killer_Island: x493, z3363
21:10 SquishieDragon placed suspicious WATER_BUCKET @ Killer_Island: x496, z3363
21:24 SquishieDragon placed suspicious WATER_BUCKET @ Killer_Island: x501, z3378
21:30 SquishieDragon placed suspicious WATER_BUCKET @ Killer_Island: x495, z3372
21:31 SquishieDragon placed suspicious WATER_BUCKET @ Killer_Island: x488, z3374
21:31 SquishieDragon placed suspicious WATER_BUCKET @ Killer_Island: x488, z3377
21:31 SquishieDragon placed suspicious WATER_BUCKET @ Killer_Island: x490, z3378
21:35 SquishieDragon placed suspicious WATER_BUCKET @ Killer_Island: x504, z3362
21:35 SquishieDragon placed suspicious WATER_BUCKET @ Killer_Island: x504, z3365
21:36 SquishieDragon placed suspicious WATER_BUCKET @ Killer_Island: x504, z3370
21:36 SquishieDragon placed suspicious WATER_BUCKET @ Killer_Island: x504, z3373
21:36 SquishieDragon placed suspicious WATER_BUCKET @ Killer_Island: x495, z3378
21:38 SquishieDragon placed suspicious WATER_BUCKET @ Killer_Island: x504, z3375
21:44 SquishieDragon placed suspicious WATER_BUCKET @ Killer_Island: x498, z3356
22:03 SquishieDragon placed suspicious WATER_BUCKET @ Killer_Island: x491, z3378
22:04 SquishieDragon placed suspicious WATER_BUCKET @ Killer_Island: x492, z3360
22:04 SquishieDragon placed suspicious WATER_BUCKET @ Killer_Island: x495, z3358
22:04 SquishieDragon placed suspicious WATER_BUCKET @ Killer_Island: x498, z3359
22:05 SquishieDragon placed suspicious WATER_BUCKET @ Killer_Island: x497, z3361
22:06 SquishieDragon placed suspicious WATER_BUCKET @ Killer_Island: x491, z3364
22:06 SquishieDragon placed suspicious WATER_BUCKET @ Killer_Island: x492, z3356
22:07 SquishieDragon placed suspicious WATER_BUCKET @ Killer_Island: x496, z3356
22:07 SquishieDragon placed suspicious WATER_BUCKET @ Killer_Island: x497, z3364
22:07 SquishieDragon placed suspicious WATER_BUCKET @ Killer_Island: x489, z3362
22:07 SquishieDragon placed suspicious WATER_BUCKET @ Killer_Island: x488, z3360
22:08 SquishieDragon placed suspicious WATER_BUCKET @ Killer_Island: x488, z3356
22:10 SquishieDragon placed suspicious WATER_BUCKET @ Killer_Island: x502, z3356
22:12 SquishieDragon placed suspicious WATER_BUCKET @ Killer_Island: x500, z3365
22:14 SquishieDragon placed suspicious WATER_BUCKET @ Killer_Island: x504, z3366
22:15 SquishieDragon placed suspicious WATER_BUCKET @ Killer_Island: x494, z3366
22:15 SquishieDragon placed suspicious WATER_BUCKET @ Killer_Island: x501, z3369
22:15 SquishieDragon placed suspicious WATER_BUCKET @ Killer_Island: x499, z3367
22:16 SquishieDragon placed suspicious WATER_BUCKET @ Killer_Island: x491, z3367
22:16 SquishieDragon placed suspicious WATER_BUCKET @ Killer_Island: x488, z3370
22:16 SquishieDragon placed suspicious WATER_BUCKET @ Killer_Island: x491, z3370
22:19 SquishieDragon placed suspicious WATER_BUCKET @ Killer_Island: x499, z3372
22:19 SquishieDragon placed suspicious WATER_BUCKET @ Killer_Island: x503, z3371
22:20 RadmobileGaming placed suspicious WATER_BUCKET @ Killer_Island: x372, z3241
22:22 SquishieDragon placed suspicious WATER_BUCKET @ Killer_Island: x504, z3373
22:23 SquishieDragon placed suspicious WATER_BUCKET @ Killer_Island: x504, z3378
22:23 SquishieDragon placed suspicious WATER_BUCKET @ Killer_Island: x494, z3372
22:23 SquishieDragon placed suspicious WATER_BUCKET @ Killer_Island: x496, z3374
22:23 SquishieDragon placed suspicious WATER_BUCKET @ Killer_Island: x499, z3376
22:23 RadmobileGaming placed suspicious WATER_BUCKET @ Killer_Island: x374, z3241
22:24 SquishieDragon placed suspicious WATER_BUCKET @ Killer_Island: x493, z3374
22:24 SquishieDragon placed suspicious WATER_BUCKET @ Killer_Island: x490, z3375
22:24 SquishieDragon placed suspicious WATER_BUCKET @ Killer_Island: x495, z3376
22:24 SquishieDragon placed suspicious WATER_BUCKET @ Killer_Island: x488, z3377
22:27 SquishieDragon placed suspicious WATER_BUCKET @ Killer_Island: x492, z3376
22:27 RadmobileGaming placed suspicious WATER_BUCKET @ Killer_Island: x368, z3241
22:27 RadmobileGaming placed suspicious WATER_BUCKET @ Killer_Island: x366, z3241
22:27 RadmobileGaming placed suspicious WATER_BUCKET @ Killer_Island: x364, z3241
22:27 RadmobileGaming placed suspicious WATER_BUCKET @ Killer_Island: x362, z3241
22:27 RadmobileGaming placed suspicious WATER_BUCKET @ Killer_Island: x360, z3241
22:27 RadmobileGaming placed suspicious WATER_BUCKET @ Killer_Island: x358, z3241
22:27 RadmobileGaming placed suspicious WATER_BUCKET @ Killer_Island: x356, z3241
22:27 RadmobileGaming placed suspicious WATER_BUCKET @ Killer_Island: x354, z3241
22:27 RadmobileGaming placed suspicious WATER_BUCKET @ Killer_Island: x352, z3241
22:27 RadmobileGaming placed suspicious WATER_BUCKET @ Killer_Island: x350, z3241
22:28 RadmobileGaming placed suspicious WATER_BUCKET @ Killer_Island: x348, z3241
22:28 RadmobileGaming placed suspicious WATER_BUCKET @ Killer_Island: x346, z3241
22:28 RadmobileGaming placed suspicious WATER_BUCKET @ Killer_Island: x345, z3244
22:28 RadmobileGaming placed suspicious WATER_BUCKET @ Killer_Island: x345, z3246
22:28 RadmobileGaming placed suspicious WATER_BUCKET @ Killer_Island: x345, z3248
22:28 RadmobileGaming placed suspicious WATER_BUCKET @ Killer_Island: x345, z3250
22:28 RadmobileGaming placed suspicious WATER_BUCKET @ Killer_Island: x345, z3252
22:28 RadmobileGaming placed suspicious WATER_BUCKET @ Killer_Island: x345, z3254
22:28 RadmobileGaming placed suspicious WATER_BUCKET @ Killer_Island: x345, z3256
22:28 RadmobileGaming placed suspicious WATER_BUCKET @ Killer_Island: x345, z3258
22:28 RadmobileGaming placed suspicious WATER_BUCKET @ Killer_Island: x345, z3260
22:28 RadmobileGaming placed suspicious WATER_BUCKET @ Killer_Island: x345, z3262
22:28 RadmobileGaming placed suspicious WATER_BUCKET @ Killer_Island: x345, z3264
22:28 RadmobileGaming placed suspicious WATER_BUCKET @ Killer_Island: x345, z3266
22:28 RadmobileGaming placed suspicious WATER_BUCKET @ Killer_Island: x345, z3268
22:29 RadmobileGaming placed suspicious WATER_BUCKET @ Killer_Island: x347, z3270
22:29 RadmobileGaming placed suspicious WATER_BUCKET @ Killer_Island: x349, z3270
22:29 RadmobileGaming placed suspicious WATER_BUCKET @ Killer_Island: x351, z3270
22:31 RadmobileGaming placed suspicious WATER_BUCKET @ Killer_Island: x353, z3270
22:31 RadmobileGaming placed suspicious WATER_BUCKET @ Killer_Island: x355, z3270
22:31 RadmobileGaming placed suspicious WATER_BUCKET @ Killer_Island: x357, z3270
22:31 RadmobileGaming placed suspicious WATER_BUCKET @ Killer_Island: x359, z3270
22:31 SquishieDragon placed suspicious WATER_BUCKET @ Killer_Island: x501, z3375
22:31 RadmobileGaming placed suspicious WATER_BUCKET @ Killer_Island: x361, z3270
22:31 RadmobileGaming placed suspicious WATER_BUCKET @ Killer_Island: x363, z3270
22:31 RadmobileGaming placed suspicious WATER_BUCKET @ Killer_Island: x365, z3270
22:31 RadmobileGaming placed suspicious WATER_BUCKET @ Killer_Island: x367, z3270
22:31 RadmobileGaming placed suspicious WATER_BUCKET @ Killer_Island: x369, z3270
22:31 RadmobileGaming placed suspicious WATER_BUCKET @ Killer_Island: x371, z3270
22:31 RadmobileGaming placed suspicious WATER_BUCKET @ Killer_Island: x373, z3270
22:31 RadmobileGaming placed suspicious WATER_BUCKET @ Killer_Island: x374, z3267
22:31 RadmobileGaming placed suspicious WATER_BUCKET @ Killer_Island: x374, z3265
22:31 RadmobileGaming placed suspicious WATER_BUCKET @ Killer_Island: x374, z3263
22:31 RadmobileGaming placed suspicious WATER_BUCKET @ Killer_Island: x374, z3261
22:31 RadmobileGaming placed suspicious WATER_BUCKET @ Killer_Island: x374, z3259
22:31 RadmobileGaming placed suspicious WATER_BUCKET @ Killer_Island: x374, z3257
22:31 RadmobileGaming placed suspicious WATER_BUCKET @ Killer_Island: x374, z3255
22:31 RadmobileGaming placed suspicious WATER_BUCKET @ Killer_Island: x374, z3253
22:31 RadmobileGaming placed suspicious WATER_BUCKET @ Killer_Island: x374, z3251
22:31 RadmobileGaming placed suspicious WATER_BUCKET @ Killer_Island: x374, z3249
22:31 RadmobileGaming placed suspicious WATER_BUCKET @ Killer_Island: x374, z3247
22:32 RadmobileGaming placed suspicious WATER_BUCKET @ Killer_Island: x345, z3270
22:34 RadmobileGaming placed suspicious WATER_BUCKET @ Killer_Island: x345, z3243
22:40 SquishieDragon  : Im working on a water base lol
22:43 SquishieDragon placed suspicious WATER_BUCKET @ Killer_Island: x485, z3364
22:43 SquishieDragon placed suspicious WATER_BUCKET @ Killer_Island: x485, z3372
22:47 SquishieDragon placed suspicious WATER_BUCKET @ Killer_Island: x476, z3371
22:48 mr_matthews     : is the server map broken?
22:48 SquishieDragon  : yeah has been for a while :/
22:48 mr_matthews     : damn that was handy for finding my way around lol
22:49 SquishieDragon  : saameee
22:49 SquishieDragon  : I get lost easily lol
22:49 mr_matthews     : same!
22:51 RadmobileGaming : can you lower the resolution?
22:51 RadmobileGaming : my last server owner said that helped
22:51 SquishieDragon  : oh well the link was gone last I saw so I didnt have access to it anymore
23:03 SquishieDragon  : hallo
23:03 -Stabaho187     : this is alot of water lol
23:03 SquishieDragon  : yes
23:03 SquishieDragon  : its been a long process lol
23:04 -Stabaho187     : this is cool rad
23:04 SquishieDragon  : the actaul entrance is underground
23:04 RadmobileGaming : welcome to the creeper farm
23:04 RadmobileGaming : thanks
23:04 RadmobileGaming : tryin to find the best afk spot
23:07 RadmobileGaming : how many blocks away should I be from the spawning platform?
23:07 -Stabaho187     : 80 something
23:07 RadmobileGaming : i gotta reorganize the carpet so I don't get spiders
23:08 -Stabaho187     : your area looks very nice
23:08 RadmobileGaming : thanks! putting a lot of hours into the server
23:09 RadmobileGaming : i have a guardian farm too
