23:59 mr_matthews     :  placed a sign @ Killer_Island: x-363, z-1776
  Cobblestone
23:59 mr_matthews     :  placed a sign @ Killer_Island: x-363, z-1776
  Cobblestone
23:59 mr_matthews     :  placed a sign @ Killer_Island: x-363, z-1776
  Cobblestone
00:00 mr_matthews     :  placed a sign @ Killer_Island: x-362, z-1776
  Granite
00:00 mr_matthews     :  placed a sign @ Killer_Island: x-362, z-1776
  Diorite
00:00 mr_matthews     :  placed a sign @ Killer_Island: x-362, z-1776
  Andesite
00:00 mr_matthews     :  placed a sign @ Killer_Island: x-356, z-1776
  Dirt
00:00 mr_matthews     :  placed a sign @ Killer_Island: x-356, z-1776
  Gravel
00:02 mr_matthews     :  placed a sign @ Killer_Island: x-355, z-1776
  Other
  Blocks
00:02 mr_matthews     :  placed a sign @ Killer_Island: x-356, z-1776
  Nether Mine
00:12 mr_matthews     :  placed a sign @ Killer_Island: x-355, z-1789
  Wool
00:12 mr_matthews     :  placed a sign @ Killer_Island: x-355, z-1789
  Feathers
00:23 mr_matthews     :  placed a sign @ Killer_Island: x-363, z-1789
  Stone
09:18 t0iiialuminati: goodmorning! :D
09:18 t0iiialuminati: i'm finally able to log on after a long few days of being very busy
09:19 t0iiialuminati: hmmm i'm not sure lol i'm trying to see if i want to build these starter farms or build more aroundthe area :D
09:20 t0iiialuminati: i do need to do that! i kept meaning to do it the last time i was on too
09:20 t0iiialuminati: thanks for reminding me
09:26 t0iiialuminati: o/
09:27 -TurningCupid : helloo
09:28 t0iiialuminati: hello :D
09:31 -lenr0c86     : Thnx
09:32 -TurningCupid : Welcome!
09:32 t0iiialuminati: hello
09:32 -lenr0c86     : Hi all
09:33 -Stabaho187   : just making sure you found the iron farm
09:33 -lenr0c86     : Thnx was easy
09:34 -Stabaho187   : ive just recently added the signs
09:34 -lenr0c86     : They were easy2follow
09:34 -lenr0c86     : Lol
09:34 t0iiialuminati: ouch
09:36 -lenr0c86     : Lol,thnx
09:38 -lenr0c86     : Ok,thx
09:40 -lenr0c86     : O hel no Lol
09:41 -TurningCupid : but the acrobat points are worth the jump damage haha
09:41 t0iiialuminati: lol that's true :D
09:42 t0iiialuminati: i've been racking up acrobat points :D
09:43 t0iiialuminati: oww really! lol i want to try. :D
09:45 -lenr0c86     : Thnx, ill go read about all the mods
09:46 -TurningCupid : My acro is only 34 but i have alot of water around i usually jump into
09:48 -TurningCupid : Do we have a death counter?
09:53 -TurningCupid : no you didnt
09:53 -Stabaho187   : want to see?
09:53 -TurningCupid : sure!
09:54 -Stabaho187   : should of went this way
09:55 -TurningCupid : The other way seems like less digging lol
09:56 -TurningCupid : is it cool if i was to mining up this blackstone
09:57 t0iiialuminati: someone left their shield at the skelly farm
09:58 -TurningCupid : oops sorry
09:59 -TurningCupid : wait
09:59 -TurningCupid : WHATTTTTT
09:59 -TurningCupid : THATS A PORTAL
09:59 -Stabaho187   : yea i can make anythnig a portal
10:00 -Stabaho187   : this is a creative world to try ideas on
10:00 -TurningCupid : so transfering to the differatn worlds doesnt transfer the itesm adn stuff, thats awesome
10:00 -Stabaho187   : yea thats configurable though
10:00 -TurningCupid : so if i play in the super survival its a whole differant server, thats awesome
10:00 -Stabaho187   : ive been thinking of adding a resource world
10:01 -TurningCupid : is there anything built in this world
10:01 -Stabaho187   : like 2 people got small claims here
10:02 -Stabaho187   : you have to make a claim to build here
10:02 -Stabaho187   : and if you abandon the claim it reverts to default
10:02 -TurningCupid : ooooooooo skyblock
10:02 -TurningCupid : I was thinking that haha
10:03 t0iiialuminati: is the dynamic map working for others? or is it just me lol i'm just wondering?
10:03 t0iiialuminati: ohhhhhh ok
10:03 t0iiialuminati: makes sense lol thanks :D
10:03 t0iiialuminati: no worries :)
10:05 -TurningCupid : Thats terrifying haha
10:05 -TurningCupid : oh god
10:05 -TurningCupid : they are so fast lol
10:06 -TurningCupid : mob heads?
10:06 -TurningCupid : i can get my player head as one?
10:07 t0iiialuminati: O_o
10:07 -TurningCupid : Even if its custom?
10:09 -Stabaho187   : custom heads too, but they show as steve alot also
10:09 -TurningCupid : duuuude
10:09 -TurningCupid : this is sick
10:09 -Stabaho187   : these are builds ive downloaded off the internet
10:25 -TurningCupid : Oh man this maze is gorgeous
10:25 -TurningCupid : this is the kind of them we wanna do for our area
10:27 -TurningCupid : oh here lmao
10:28 -TurningCupid : oops
10:28 -TurningCupid : lets go back to main world
10:30 -Stabaho187   : trying to make a shopping district
10:30 -TurningCupid : How come the plots are so small?
10:30 -Stabaho187   : dont need much space for a villager and a chest
10:31 -TurningCupid : yeah true!
10:31 -TurningCupid : I love that its through a villager!
10:31 -TurningCupid : So neat
10:31 -Stabaho187   : also i have a city im building here. Going to start with small shops for this area
10:31 -Stabaho187   : people could build up outside the wall and eventually i would make a wall around it
10:32 -TurningCupid : i love the builds in here
10:32 -Stabaho187   : its from youtube a guy called bluenerd
10:32 t0iiialuminati: oh i like his videos :d
10:32 -TurningCupid : awesome!
10:32 -Stabaho187   : its not done
10:32 -TurningCupid : The ocean needs a ship :P
10:32 -Stabaho187   : yes
10:33 -Stabaho187   : the inn here is the only one decorated inside
10:34 -Stabaho187   : ive disabled mob spawns inside the city
10:34 -TurningCupid : It reminds me of BDubz from Hermitcraft
10:35 -Stabaho187   : i lost two walls when i have to reset a quad of chunks because of a bad chunk
10:37 -Stabaho187   : i want to eventually have a functioning town where you can trade logs and other blocks for food and weapoons
10:39 -TurningCupid : i wanna see if my head drops but i have 41 levels lol
10:40 -TurningCupid : OH my lantaaaa
10:43 -TurningCupid : Theyre never ending lol
10:43 -Stabaho187   : yea they dont stop
10:44 -Stabaho187   : pearls in a chest below
10:44 -TurningCupid : none in there
10:44 -Stabaho187   : its this back chest
10:45 -TurningCupid : ohdamn
10:45 -Stabaho187   : closer to the compariator
10:47 -TurningCupid : pretty sure if you put carpet on the hopppers its pools the xp
10:48 -TurningCupid : unless thats just a bedrock thing
10:48 -Stabaho187   : 29 rods so far
10:49 -TurningCupid : Sweet
10:51 -Stabaho187   : at some point ill make it so you dont get job credit from the farms
10:51 -TurningCupid : i think if you switch the blocks were standing on to bottom slabs you wont have to crotch
10:51 -Stabaho187   : then they will shoot us
10:51 -TurningCupid : Oh tthats col, between this farm adn the enderfarm farm i shoudl take a job as hunter lol
10:52 -TurningCupid : oops lol
10:53 -TurningCupid : so much easier :D
10:53 -TurningCupid : the 2 close enough i think can be hole blocks
10:55 -TurningCupid : THere we go
10:58 -Stabaho187   : let me show you the way up
11:00 -Stabaho187   : trading hall here
11:01 -TurningCupid : oh sweet, are we allowed to use this or do you sell them?
11:01 -Stabaho187   : public
11:02 -Stabaho187   : this guy sells golden apples and potions of weakness
11:02 -TurningCupid : Good to know
11:02 -TurningCupid : sweet
11:02 -Stabaho187   : the lever drops them to get infected
11:03 -Stabaho187   : takes a second for the zombie to see them
11:03 -Stabaho187   : check out this zombie george
11:04 -Stabaho187   : hes wearing a villager head lol
11:04 -TurningCupid : haha what a poser
11:05 -TurningCupid : The silk touch on this dude is cheaper thatn the silk touch villager lol
11:06 -TurningCupid : Im alwasy scared to play with villagers because theyre so sensitive and broekn half the time lol
11:07 -TurningCupid : Ill have to grinf out some stuff to sell tem for emeralds
11:07 -TurningCupid : buuuut i gotta go for a bit, ill be back later on! Thanks for the awesome tour!
11:07 -Stabaho187   : take it easy
11:08 -TurningCupid : is it cool if i log out here lol
11:08 -Stabaho187   : sure
11:08 -TurningCupid : ttyl
11:59 t0iiialuminati placed suspicious AXOLOTL_BUCKET @ Killer_Island: x-89, z972
12:00 t0iiialuminati placed suspicious AXOLOTL_BUCKET @ Killer_Island: x-88, z974
12:02 t0iiialuminati placed suspicious SALMON_BUCKET @ Killer_Island: x-88, z972
12:03 t0iiialuminati placed suspicious WATER_BUCKET @ Killer_Island: x-90, z974
12:55 BigBeast89    : hello\o and welcome
12:55 -NixRagnarson : Hi, thanks :)
12:56 BigBeast89    : she did amazing work
12:56 BigBeast89    : sorry havent been on for a bit life and all
12:59 BigBeast89    : love the detail
12:59 BigBeast89    : i mean come on she even made pussywillow
13:00 BigBeast89    : gui?
13:01 BigBeast89    : f1
13:01 BigBeast89    : oh duh lol
13:01 BigBeast89    : for got you not on pc
13:01 -NixRagnarson : hey Q o/
13:01 -TurningCupid : Heyyy
13:02 BigBeast89    : hello \o
13:02 -TurningCupid : ehhhh im VIP
13:03 BigBeast89    : must be important
13:03 -NixRagnarson : i'm saying nothing XD
13:04 BigBeast89    : so many projects i dont know what to work on
13:14 BigBeast89    : gg
13:15 -NixRagnarson : thanks!
13:15 BigBeast89    : got some balls they do
13:19 -Stabaho187   : ill be back
13:19 BigBeast89    : tty
13:27 BigBeast89    : sleep?
13:28 BigBeast89    : ty
13:28 -TurningCupid : its daytime lol
13:28 BigBeast89    : someone made it day
13:29 BigBeast89    : usefull
13:29 -TurningCupid : ooooh
13:29 -TurningCupid : to do the trust command to someone, do they have to be signed in?
13:29 BigBeast89    : no
13:30 BigBeast89    : not as long as you know there GT
13:30 -TurningCupid : Im tryign to do it to len but its saying no playe rby that name has logged in recently
13:31 -TurningCupid : derp, thank you haha
13:35 -TurningCupid : ooooooh good idea, i just need a better source of xp to repair my pick
13:35 BigBeast89    : enderfarm
13:42 -TurningCupid : woot, 300
13:42 -TurningCupid : trident farsm dont work in java? :O
14:03 -TurningCupid : oooooh its just not that long, i can go around and do it, i was just confused how i havent seen it
14:06 BigBeast89    : wb
14:09 -Stabaho187   : someone see if the /back command works for you
14:09 BigBeast89    : what does that do
14:09 -TurningCupid : dont have access
14:09 -Stabaho187   : takes you back after a teleport
14:15 -Stabaho187   : im putting the netherrack in this chest for your cupid
14:21 -TurningCupid : killing these nederman is so satisfying
14:21 -Stabaho187   : lol
14:22 -TurningCupid : I GOT A HEAD
14:23 -TurningCupid : bu tit looks like steve lol
14:23 -Stabaho187   : what kind of head
14:23 -TurningCupid : it says enderman
14:23 -Stabaho187   : it a look like steve in your inventory
14:23 -TurningCupid : yes
14:24 -TurningCupid : and when i wear it
14:25 -TurningCupid : wth
14:26 -Stabaho187   : ?
14:26 -TurningCupid : i decapitated him?
14:26 -Stabaho187   : thats what its called when the head comes off
14:27 -TurningCupid : ooooh so going back in the chat, thats 3 so far, one landed in my inventory
14:28 -Stabaho187   : when there is enough heads in the sorter they will just drop into the first chest
14:43 -TurningCupid : tryna figure out which chest
14:43 -Stabaho187   : will be the bottom first one
14:43 -Stabaho187   : its at 41 now so now they will fall in there
14:43 -TurningCupid : nice
14:44 -TurningCupid : can you place on on the ground, i wanna see if it still looks like steve
14:46 -TurningCupid : yay its an enderman
14:46 -TurningCupid : gotta go for abit, be back sooon
15:27 -Stabaho187   : i swear i find more netherite at 116 then i do at 8
15:28 -TurningCupid : do you use beds or tnt
15:28 -Stabaho187   : pick axe at 116 digging the highway
15:28 -TurningCupid : oh right haha
15:35 -TurningCupid : I think i may be going overboard wit hthe netherrack lmao
15:35 -Stabaho187   : i have 3 double chests in this highway extension for you
15:39 -TurningCupid : oh my youve been busy
15:40 -Stabaho187   : about to go do my second pick axe repair
15:40 -Stabaho187   : i belive i have repair enchanted weapons enabled
15:52 -TurningCupid : Im mining a bunch of this blackstone in the highway adn replacing it with netherrack
15:53 -TurningCupid : I figured :D I need ALOT for my base plans
16:16 -Stabaho187   : i see you found a couple netherite too
16:16 -TurningCupid : yes i did :D
16:27 -TurningCupid : LIASF S
16:27 -TurningCupid : scares me everytime lmao
16:33 -Dazed6977    : anyone got slime
16:33 -Stabaho187   : slime farm by iron farm
16:33 -Dazed6977    : thanks
16:39 -Dazed6977    : any got weakness potion
16:39 -Stabaho187   : at the trading hall you can trade poison potatos for potions of weakness
16:42 -Dazed6977    : someone please sleep
16:43 -Stabaho187   : in the nether sorry
16:43 -TurningCupid : me too
16:43 -Dazed6977    : im at trading hall
16:43 -Stabaho187   : villager with red shirt is the trader for potions
16:44 -Dazed6977    : im stuck outside zombies gaurding all doors
16:50 -Stabaho187   : hi rad
16:52 -TurningCupid : we got 7 heads in the chest :D
16:52 -Dazed6977    : in need books
16:53 -Dazed6977    : anygot any or has leather
16:53 -Stabaho187   : there is a cow farm on other side of stairs to nether portal feed them wheat and they a make leather
16:55 -Dazed6977    : im at the trading hall though
16:55 -Stabaho187   : yes go outside, look at the stairs, go to other side of stairs look for square, that is the cow farm
16:56 -Stabaho187   : feed them wheat
16:57 -Dazed6977    : i need day
16:57 -Stabaho187   : theres a bed over there
16:57 -Dazed6977    : i can tfind it
16:57 -Stabaho187   : use the one inside the trade hall then
16:58 -Dazed6977    : i cant theres zombies in trade hall
16:58 -Stabaho187   : how
17:00 -Dazed6977    : wait when i Clicked on the bed now I Spond here not at my house
17:05 -Dazed6977    : i found the place but i need permission
17:06 -Dazed6977    : can you help me pls
17:06 -Stabaho187   : this is the last time
17:07 -Dazed6977    : ok sorry
17:07 -Dazed6977    : i cant
19:11 RadmobileGaming: rip
19:11 SquishieDragon : :O
19:16 SquishieDragon placed suspicious WATER_BUCKET @ Killer_Island: x498, z3370
19:17 -lowerlevelll  : Hi
19:18 SquishieDragon placed suspicious WATER_BUCKET @ Killer_Island: x499, z3371
19:21 SquishieDragon placed suspicious WATER_BUCKET @ Killer_Island: x498, z3371
19:28 SquishieDragon placed suspicious WATER_BUCKET @ Killer_Island: x496, z3365
19:29 -BeardedCocaire:  placed a sign @ Killer_Island: x9814, z7573
  Coco
20:28 RadmobileGaming: o/
20:29 Athwee         : Hello o/
20:29 -TurningCupid  : howdy
20:30 SquishieDragon placed suspicious TROPICAL_FISH_BUCKET @ Killer_Island: x480, z3363
20:30 RadmobileGaming: rip
20:30 -TurningCupid  : f
20:37 Athwee         : Anyone need beetroot seeds?
20:37 Athwee         : Asking before i compost them
20:42 -TurningCupid  : hey!
20:59 -TurningCupid  : j
20:59 Athwee         : Anyone need wheat seeds now? lol
21:07 SquishieDragon placed suspicious TROPICAL_FISH_BUCKET @ Killer_Island: x478, z3368
21:07 SquishieDragon placed suspicious TROPICAL_FISH_BUCKET @ Killer_Island: x480, z3368
21:07 SquishieDragon placed suspicious TROPICAL_FISH_BUCKET @ Killer_Island: x481, z3369
21:07 SquishieDragon placed suspicious TROPICAL_FISH_BUCKET @ Killer_Island: x483, z3370
21:07 SquishieDragon placed suspicious TROPICAL_FISH_BUCKET @ Killer_Island: x484, z3371
21:07 SquishieDragon placed suspicious TROPICAL_FISH_BUCKET @ Killer_Island: x483, z3369
21:07 SquishieDragon placed suspicious TROPICAL_FISH_BUCKET @ Killer_Island: x480, z3368
21:07 SquishieDragon placed suspicious TROPICAL_FISH_BUCKET @ Killer_Island: x474, z3365
21:08 SquishieDragon placed suspicious TROPICAL_FISH_BUCKET @ Killer_Island: x477, z3369
21:08 SquishieDragon placed suspicious TROPICAL_FISH_BUCKET @ Killer_Island: x479, z3368
21:08 SquishieDragon placed suspicious TROPICAL_FISH_BUCKET @ Killer_Island: x478, z3367
21:08 SquishieDragon placed suspicious TROPICAL_FISH_BUCKET @ Killer_Island: x478, z3367
21:26 Athwee         : We can't open regular chests in the nether?
21:26 BigBeast89     : usually if its not claimed you should be able to
21:27 Athwee         : its not claimed. Its the one right outside my claim that i've been putting in radnom stuf that people cant take for free
21:27 BigBeast89     : idk tbh i would ask stab
22:32 Athwee         : Don't mind mr. Just AFK at the iron farm
23:02 -lowerlevelll  : Hi
23:02 -lenr0c86      : Hi
23:03 -lowerlevelll  : Glad u joined
23:05 mr_matthews    : who taught creepers how to sky dive, damn thing had me at half a heart left
23:13 -lowerlevelll  : Oops
23:17 mr_matthews    : :o
23:17 -lowerlevelll  : Were r u
