00:32 mr_matthews     : you here stab?
00:33 mr_matthews     : alright dude, was just wondering if i can make a large land claim like turtles at some poimt
00:33 mr_matthews     : ok
00:34 mr_matthews     : how much land can i take? i want quite a large area lol
00:34 mr_matthews     : hang on im gonna measure up
00:38 mr_matthews     : how do i abandon all claims, keeps telling me to to type abandonallclaims comfirm
00:40 mr_matthews     : dummy i was typing comfirm instead of confirm
00:40 mr_matthews     : ok done it
00:41 mr_matthews     : yea whole area covered now in one claim
02:42 mr_matthews     : that was quick lol
02:42 mr_matthews     : was he new?
02:44 mr_matthews     : ah, must have forgotten he was ontop of a cliff maybe lol
02:44 mr_matthews     : whats my total playtime now lol
02:46 mr_matthews     : ive played for nearly 4 days in the 2weeks ive been on here?
02:47 mr_matthews     : damn
02:47 mr_matthews     : ah nearly a month now
09:56 -TurningCupid: Hey rad you around?
09:57 -TurningCupid: oh dang, i was gonan ask a question about fishing, the fising mechanics seem so differant im getting crap lol
09:58 -TurningCupid: Thats for sure! I just want some enchated bows and rods lol
10:30 -lowerlevelll: \tntbreak
13:42 Black00Widow : hi hi!
13:42 TurtleDuck840: hi!
17:39 -MrsShmeeThumb: Hello!
17:44 -MrsShmeeThumb: It looks really cool, but might be a tad too dark. It's hard to see any details
17:45 -MrsShmeeThumb: Awe, thank you Pricey!
17:46 -MrsShmeeThumb: Thanks!! <3
17:46 -MrsShmeeThumb: I do really like the gold blackstone veins too
17:47 -MrsShmeeThumb: The statue is done as of last night :-)
17:47 -MrsShmeeThumb: Just working on the rest of the garden
17:48 -MrsShmeeThumb: Lol, no! It's hard though!
17:49 -MrsShmeeThumb: I'm going to need your guy's suggestions for a Minecraft Trunk-or-treat IRL! I signed up for my son's class, eek!
17:59 Athwee        : Hello! /o
17:59 Athwee        : o/*
18:06 Athwee        : Anyone need beetroot seeds? I have a ton of them.
18:15 -Noobe_doobe6363: fly
18:44 -MrsShmeeThumb placed suspicious WATER_BUCKET @ Killer_Island: x142, z-2512
18:44 -MrsShmeeThumb placed suspicious WATER_BUCKET @ Killer_Island: x144, z-2512
18:44 -MrsShmeeThumb placed suspicious WATER_BUCKET @ Killer_Island: x143, z-2512
18:44 -MrsShmeeThumb placed suspicious WATER_BUCKET @ Killer_Island: x139, z-2512
18:44 -MrsShmeeThumb placed suspicious WATER_BUCKET @ Killer_Island: x137, z-2512
18:44 -MrsShmeeThumb placed suspicious WATER_BUCKET @ Killer_Island: x138, z-2512
18:44 -MrsShmeeThumb placed suspicious WATER_BUCKET @ Killer_Island: x140, z-2512
18:44 -MrsShmeeThumb placed suspicious WATER_BUCKET @ Killer_Island: x135, z-2512
18:44 -MrsShmeeThumb placed suspicious WATER_BUCKET @ Killer_Island: x136, z-2512
18:44 -MrsShmeeThumb placed suspicious WATER_BUCKET @ Killer_Island: x133, z-2512
18:44 -MrsShmeeThumb placed suspicious WATER_BUCKET @ Killer_Island: x134, z-2512
18:44 -MrsShmeeThumb placed suspicious WATER_BUCKET @ Killer_Island: x133, z-2513
18:44 -MrsShmeeThumb placed suspicious WATER_BUCKET @ Killer_Island: x133, z-2514
18:44 -MrsShmeeThumb placed suspicious WATER_BUCKET @ Killer_Island: x133, z-2515
18:44 -MrsShmeeThumb placed suspicious WATER_BUCKET @ Killer_Island: x133, z-2516
18:44 -MrsShmeeThumb placed suspicious WATER_BUCKET @ Killer_Island: x133, z-2520
18:45 -MrsShmeeThumb placed suspicious WATER_BUCKET @ Killer_Island: x133, z-2521
18:45 -MrsShmeeThumb placed suspicious WATER_BUCKET @ Killer_Island: x133, z-2524
18:45 -MrsShmeeThumb placed suspicious WATER_BUCKET @ Killer_Island: x133, z-2523
18:45 -MrsShmeeThumb placed suspicious WATER_BUCKET @ Killer_Island: x133, z-2526
18:45 -MrsShmeeThumb placed suspicious WATER_BUCKET @ Killer_Island: x135, z-2527
18:45 -MrsShmeeThumb placed suspicious WATER_BUCKET @ Killer_Island: x135, z-2527
18:45 -MrsShmeeThumb placed suspicious WATER_BUCKET @ Killer_Island: x138, z-2527
18:45 -MrsShmeeThumb placed suspicious WATER_BUCKET @ Killer_Island: x139, z-2527
18:45 -MrsShmeeThumb placed suspicious WATER_BUCKET @ Killer_Island: x138, z-2527
18:45 -MrsShmeeThumb placed suspicious WATER_BUCKET @ Killer_Island: x137, z-2527
18:45 -MrsShmeeThumb placed suspicious WATER_BUCKET @ Killer_Island: x140, z-2526
18:45 -MrsShmeeThumb placed suspicious WATER_BUCKET @ Killer_Island: x141, z-2525
18:45 -MrsShmeeThumb placed suspicious WATER_BUCKET @ Killer_Island: x142, z-2524
18:57 Athwee          : Blackcats mining area?
20:12 -MrsShmeeThumb placed suspicious WATER_BUCKET @ Killer_Island: x172, z-2517
20:36 -MrsShmeeThumb  : That's a wrap for tonight folks! Have a good one and I'll see you tomorrow!
20:36 Athwee          : tNight!
22:33 mr_matthews     : jeezus, whos is this place with the dragon?
23:04 mr_matthews     :  placed a sign @ Killer_Island: x-343, z-1787
  Spruce Wood
23:08 BlackCats96     : skelly horse anyone i have three lol
23:41 mr_matthews     :  placed a sign @ Killer_Island: x-355, z-1776
  Geode
23:41 mr_matthews     :  placed a sign @ Killer_Island: x-355, z-1776
  Sea
23:43 mr_matthews     :  placed a sign @ Killer_Island: x-363, z-1776
  a
23:53 mr_matthews     :  placed a sign @ Killer_Island: x-343, z-1779
  Ender
  Pearls
23:54 mr_matthews     :  placed a sign @ Killer_Island: x-343, z-1779
  Mob Loot
  Overworld
23:54 mr_matthews     :  placed a sign @ Killer_Island: x-343, z-1779
  Mob Loot
  Nether
23:56 mr_matthews     :  placed a sign @ Killer_Island: x-363, z-1789
  Sand
23:56 mr_matthews     :  placed a sign @ Killer_Island: x-363, z-1789
  Glass
23:59 mr_matthews     :  placed a sign @ Killer_Island: x-355, z-1789
  Future Library
