01:10 Athwee    : fly
06:13 -lowerlevelll: Its all good
07:59 -TurningCupid: this tree mod is heaven lol
08:03 -TurningCupid: YESSSSSS Ive gotten like 4 already :D
08:04 -TurningCupid: Farming trees is liek my least favorite thing to do so im so happy haha
10:26 -ShadowGiver902: sup stab
10:27 -ShadowGiver902: no worries
10:27 -ShadowGiver902: were outa there now
10:27 -ShadowGiver902: daaaam
10:27 -ShadowGiver902: i will
10:27 -ShadowGiver902: natiri will be here today
10:27 -ShadowGiver902: :O
10:28 -ShadowGiver902: thx for fixing it
10:28 -ShadowGiver902: hows ur day going otherwise?
10:35 -ShadowGiver902: ive been feeling lazy for 3 weeks
11:46 RadmobileGaming: brb
14:20 -IAmFriendBesto: this is fun
17:35 -ShadowGiver902: hey stab
17:35 -ShadowGiver902: can u give natiri the fly ability? shes online now
17:38 -ShadowGiver902: STAB U THERE?
17:52 -ShadowGiver902: STAAAAAAB
18:05 -Dazed6977     : stab
19:11 RadmobileGaming:  placed a sign @ Killer_Island_nether: x1, z135
  FREE FISH
19:11 RadmobileGaming:  placed a sign @ Killer_Island_nether: x1, z136
  Take what you
  need!
20:39 RadmobileGaming: o/
20:39 RadmobileGaming: sea lanterns for sale at spawn
22:04 RadmobileGaming: o/
22:05 -Stabaho187    : hi
22:05 -lowerlevelll  : Ello
22:43 BlackCats96    :  placed a sign @ Killer_Island: x440, z-2089
  Gold For 
  Horses  
  Food
23:41 -Mc0oZ         : come to the nether the zombies are more frendly
23:42 mr_matthews    : lol, gryths darkness patch now works..
23:42 mr_matthews    : in in constant darkness
23:42 mr_matthews    : im not sure yet
23:43 mr_matthews    : im liking the idea of a well lit dark base
23:43 mr_matthews    : mobs were just a pain, ive lured about 20 zombies down a trap door hole to keep them outta my way.
23:45 -Mc0oZ         : any body else find out you have power digging option?
23:55 maddogselite1  :  placed a sign @ Killer_Island: x513, z-2068
  dw
23:55 maddogselite1  :  placed a sign @ Killer_Island: x513, z-2064
  a
