05:30 -Stabaho187: hello
05:30 -lowerlevelll: Good morning
06:17 -lowerlevelll: Hi
06:17 -Stabaho187  : some old tools i had
06:17 -lowerlevelll: Thanks
06:17 -Stabaho187  : very nice door
06:18 -Stabaho187  : you can use /fly to fly if you need it for building or what ever
06:18 -lowerlevelll: Me and turningcupid r making hobbit hole starter bases
06:19 -Stabaho187  : you know how land claims work?
06:19 -lowerlevelll: Kinda
06:19 -Stabaho187  : well feel free to ask, probably respond from discord
06:20 -lowerlevelll: How do i make it so her and me can both build
06:20 -Stabaho187  : use /trust name
06:20 -lowerlevelll: Nice
06:20 -Stabaho187  : if shes on bedrock use /trust -name
06:20 -lowerlevelll: Ok
06:20 -Stabaho187  : use /containertrust for just containers
06:21 -lowerlevelll: I like this server
06:21 -Stabaho187  : im glad your enjoying it
06:22 -lowerlevelll: Me and her run a bedrock real. It got boring tho
06:23 -Stabaho187  : i didnt like the realm because you can use plugins like the grief prevention
06:24 -Stabaho187  : cant
07:25 -TurningCupid: Good morning!
07:26 -TurningCupid: whaaat? Thats awesome
07:26 -TurningCupid: Hey im not a tourist anymore! THank you! ^.^
07:49 -Dazed6977   : heyo
07:49 -TurningCupid: hello
07:50 -Dazed6977   : mornin stab
07:50 -Dazed6977   : sure
07:51 -Dazed6977   : shes on
07:51 -Natiri607   : hi
07:52 -Natiri607   : thanks
07:53 -TurningCupid: As if i hasvent died enough from creepers on this server my parrot keeps making the creeper sounds and scaring me half to death lmao
07:53 -Dazed6977   : also stab yesterday my dead chest got stuck on the neather toof do you think you could help
07:54 -Dazed6977   : i cant click on it , it says theres a hight limit thing
07:54 -Dazed6977   : im on the roof now
07:55 -Stabaho187  : you get it?
07:55 -Dazed6977   : yep
08:03 -TurningCupid: off to work, have a good day yall!
09:06 -Dazed6977   : sup rad
09:06 RadmobileGaming: trying to not die from magma cubes
09:06 RadmobileGaming: whats new
09:07 -Dazed6977     : nothin much
09:07 RadmobileGaming: do you have a shop at spawn?
09:07 -Dazed6977     : no
09:07 RadmobileGaming: you should make one!
09:07 -Dazed6977     : idk how
09:07 RadmobileGaming: well, you have to ask stab to give you a plot
09:08 RadmobileGaming: then you sell whatever you want to farm
09:08 -Dazed6977     : ok
09:08 -Dazed6977     : btw do you have any deepslate
09:08 RadmobileGaming: i do
09:09 -Dazed6977     : i like to use deepslate for my house and im almost out
09:09 RadmobileGaming: i only have cobbled deepslate
09:09 -Dazed6977     : thats waht i need
09:09 RadmobileGaming: do you know where the spawn hall is in the nether?
09:10 -Dazed6977     : red tunnel
09:10 RadmobileGaming: there is a box with food in it, i'll leave the deepslate in there
09:10 -Dazed6977     : ok
09:11 -Dazed6977     : ty
09:11 RadmobileGaming: no prob
09:16 -ShadowGiver902: hey all
09:21 -Dazed6977     : no
09:25 RadmobileGaming: why would you need to farm phantoms?
09:29 RadmobileGaming: ah gotcha
09:29 RadmobileGaming: for the phantom membrane?
09:47 -Dazed6977 placed suspicious WATER_BUCKET @ Killer_Island: x-908, z210
09:50 -Dazed6977 placed suspicious WATER_BUCKET @ Killer_Island: x-925, z210
09:50 -Dazed6977 placed suspicious WATER_BUCKET @ Killer_Island: x-918, z211
09:50 -Dazed6977 placed suspicious WATER_BUCKET @ Killer_Island: x-920, z209
10:03 -Dazed6977     : besto
10:04 -Dazed6977     : besto?
10:04 -IAmFriendBesto: yeah
10:04 -Dazed6977     : do you have any deepslate
10:04 -IAmFriendBesto: i might. how much
10:04 -Dazed6977     : i need it for me and a friend
10:06 -Dazed6977     : maybe 3 stacks
10:08 -IAmFriendBesto: all i got is one
10:08 -Dazed6977     : ok
10:08 -Dazed6977     : that will do for now
10:08 -IAmFriendBesto: looks like it's time to go mining. someone stole all my diamonds
10:10 -Dazed6977     : thanks
10:10 -IAmFriendBesto: yep
10:12 -ShadowGiver902: SUP BESTO
10:12 -IAmFriendBesto: what's up
10:12 -ShadowGiver902: CHILLEN WIT THE GIRLS
10:13 -IAmFriendBesto: nice
10:13 -ShadowGiver902: you married, kids, all that??
10:13 -IAmFriendBesto: yep.
10:13 -ShadowGiver902: i have 3 young girls
10:14 -IAmFriendBesto: right on
10:14 -ShadowGiver902: they all play here lol
10:15 -IAmFriendBesto: haha nice.
10:15 -Dazed6977     : im one them
10:15 -ShadowGiver902: LOL
10:15 -ShadowGiver902: true
10:15 -IAmFriendBesto: ah lol
10:15 -ShadowGiver902: lol
11:39 -Mc0oZ         : can we colour water?
11:40 -Mc0oZ         : need to make pools of blood
11:42 mr_matthews    : never known that to be possible :D
11:42 mr_matthews    : but theres alot about pc minecraft idk
11:42 -Mc0oZ         : 1.19 update?
11:46 mr_matthews    : lol i just tried it in a couldren with water and dye and not working
11:48 -Mc0oZ         : ooois it skys and end update?
12:02 -Mc0oZ         : ooh sounds fun but cana be invaseive if people have mics on but no ida they in chat
12:03 mr_matthews    : I NEVER HAVE MY HEADSET ON IN MINECRAFT LOL
12:10 -Mc0oZ         : oh good i might be talking smack about you guys don't wana be caught out
12:11 -Mc0oZ         : lol
12:16 -ShadowGiver902: hey all
12:17 -Mc0oZ         : hoo
12:17 -IAmFriendBesto: hey
12:17 -Mc0oZ         : hip hop hooray
12:34 mr_matthews    : hey stab? can i get inside the villager trade hall zombie part top have a look?
12:34 -Stabaho187    : yes give me one minute
12:34 mr_matthews    : thanks
12:36 -Stabaho187    : you ready?
12:36 mr_matthews    : yea im here
12:37 -Mc0oZ         : ????
12:37 -Mc0oZ         : for?
12:37 -Dazed6977     : rip
12:37 mr_matthews    : ok i see now lol
12:38 mr_matthews    : i wonder if i can use fences, but creepers may spawn in here too
12:38 -ShadowGiver902: hey stab you there?
12:38 -Mc0oZ         : where?
12:38 mr_matthews    : ok mate im good
12:38 mr_matthews    : thanks
12:39 mr_matthews    : thanks dude
12:39 -Mc0oZ         : matthews you in the uk?
12:39 mr_matthews    : yea
12:39 -Dazed6977     : stab you there
12:40 -Mc0oZ         : hey me too
12:40 mr_matthews    : welwyn garden city me
12:40 mr_matthews    : formally north london :D
12:40 -Mc0oZ         : brighton
12:40 -ShadowGiver902: hey stab, how do i give kiddo permission to build but not acces to chests at my house?
12:40 -Mc0oZ         : not so garden city
12:41 mr_matthews    : beach city lol
12:41 -Mc0oZ         : bums ,bums every where. lol
12:41 -ShadowGiver902: it doesnt work
12:41 -ShadowGiver902: everytime i try to trust it just say the person isnt online
12:41 mr_matthews    : never been to brighton lol
12:41 -ShadowGiver902: lemme try again
12:42 -ShadowGiver902: yeah trust does give access to chests :(
12:43 -ShadowGiver902: id like them be able to build here but not go through chests
12:43 -Stabaho187    : let me look at how it works and get back to you real soon
12:44 -ShadowGiver902: thank u my brother
12:55 -ShadowGiver902: sup stab
12:55 -ShadowGiver902: was jus gunna ask if u were still here
12:55 -ShadowGiver902: books are screwy too
12:55 -ShadowGiver902: thanks so much
12:56 -ShadowGiver902: ok awesome
12:57 -ShadowGiver902: like
12:57 -ShadowGiver902: i can only write like 9 pages in the book and quill and then it erases everything after i sign it
13:01 -ShadowGiver902: im working on a cool art project on the server
13:01 -ShadowGiver902: find all my books, they tell a cool story ;)
13:13 -Stabaho187    : hi
13:14 -Vampires_Heart6: Hi
13:14 -Stabaho187     : if you go out the gate to the nether portal you can find the iron farm to make some armor and tools
14:46 RadmobileGaming placed suspicious WATER_BUCKET @ Killer_Island: x416, z3229
14:46 RadmobileGaming placed suspicious WATER_BUCKET @ Killer_Island: x416, z3229
15:39 mr_matthews     : how do you get these silly villagers to breed :D
15:39 RadmobileGaming : lol something about a bed for each one?
15:40 mr_matthews     : they was all showing hearts above their heads, but not mini villagers
15:40 mr_matthews     : oh
15:41 mr_matthews     : anyone got a ton of wool then :D
15:41 mr_matthews     : ok
15:45 mr_matthews     : 4x 64 stacks of iron blocks left at iron farm if anyones needs some later
15:46 mr_matthews     : yea?
15:47 mr_matthews     : well it left space in there to collect more ingots
15:47 mr_matthews     : it was full lol
15:47 mr_matthews     : stocked up a bit myself
15:48 mr_matthews     : i unpacked a few stacks just in case
15:50 mr_matthews     : i need one bed per villager right?
15:51 mr_matthews     : screw it, ill just place 22 beds :D
15:58 -IAmFriendBesto : stab, they got my shulker shells too
15:59 mr_matthews     : who got what now?
15:59 -IAmFriendBesto : idk. someone stole a bunch of stuff from my desert village last night while i was sleeping
16:00 mr_matthews     : thats not nice :(
16:00 -IAmFriendBesto : yeah. i logged off after i got those books from you. logged in this morning and stuff was gone
16:01 RadmobileGaming : can you tell from the player logs who was on after you?
16:01 mr_matthews     : yea i loggged of about 10mins after you
16:01 -IAmFriendBesto : probably
16:02 RadmobileGaming : do we know rainbow owl?
16:02 mr_matthews     : what else they get?
16:03 -IAmFriendBesto : all of my diamonds
16:03 mr_matthews     : :o
16:03 mr_matthews     : how many diamonds?
16:03 RadmobileGaming : oh okay, was just looking at the logs after midnight
16:04 -IAmFriendBesto : almost a stack. not much but it was all i had
16:04 mr_matthews     : can people open my button controlled doors in protected areas?
16:43 RadmobileGaming placed suspicious WATER_BUCKET @ Killer_Island: x1695, z4113
16:43 mr_matthews     : villagers wont breed at all now, ate a whole stack of bread :(
16:44 RadmobileGaming placed suspicious WATER_BUCKET @ Killer_Island: x1695, z4137
18:18 -lowerlevelll   : Ello
18:18 -TurningCupid   : hiiii
18:54 Athwee          : Hallo Guys o/
18:54 -TurningCupid   : howdyyyy
18:54 -lowerlevelll   : Hi
19:04 -TurningCupid   : gg
19:45 -lowerlevelll placed suspicious WATER_BUCKET @ Killer_Island: x9852, z7596
