00:01 BigBeast89      : they should
00:14 -NixRagnarson   : axe away XD
00:16 -NixRagnarson   : i would be dissapointed if you had passed XD
01:06 BigBeast89      : need help?
01:07 BigBeast89      : ok just let me know
01:12 BigBeast89      : we all await the day lol
01:13 BigBeast89      : iv been down that road
01:13 BigBeast89      : except mine likes charger cables
02:01 mr_matthews placed suspicious WATER_BUCKET @ Killer_Island: x-310, z-1852
02:01 mr_matthews placed suspicious WATER_BUCKET @ Killer_Island: x-311, z-1853
02:36 mr_matthews placed suspicious WATER_BUCKET @ Killer_Island: x-310, z-1852
02:37 mr_matthews placed suspicious WATER_BUCKET @ Killer_Island: x-310, z-1853
05:38 -BeardedCocaire placed suspicious WATER_BUCKET @ Killer_Island: x9799, z7538
05:38 -BeardedCocaire placed suspicious WATER_BUCKET @ Killer_Island: x9800, z7538
05:38 -BeardedCocaire placed suspicious WATER_BUCKET @ Killer_Island: x9798, z7537
05:38 -BeardedCocaire placed suspicious WATER_BUCKET @ Killer_Island: x9796, z7536
05:38 -BeardedCocaire placed suspicious WATER_BUCKET @ Killer_Island: x9795, z7538
05:38 -BeardedCocaire placed suspicious WATER_BUCKET @ Killer_Island: x9795, z7537
05:38 -BeardedCocaire placed suspicious WATER_BUCKET @ Killer_Island: x9807, z7532
05:38 -BeardedCocaire placed suspicious WATER_BUCKET @ Killer_Island: x9811, z7519
05:41 spenceronline   : skeletal knight?
05:41 spenceronline   : hes a bad ass
05:42 spenceronline   : tbf i am running around with no armor and a pick as a weapon lol
05:43 spenceronline   : thanx
05:51 mr_matthews     : ?
05:52 mr_matthews     : np, i gotta go now anyway
06:33 shadowy__duckie: ok
06:44 Black00Widow   : ok, will do. i'm not on for long right now, but will brb
06:59 shadowy__duckie: ive seen a few skeletal knights so far
06:59 shadowy__duckie: ok cool
07:00 shadowy__duckie: thats cool. im excited to come across them
07:11 shadowy__duckie: makes sense
07:15 Black00Widow   : duckie there is a stronghold here somewhere if you feel like exploring
07:15 shadowy__duckie: i know thats why i came to you
07:16 Black00Widow   : come get my eye of ender. I'm not good at using them
07:16 shadowy__duckie: cool
07:18 shadowy__duckie: come here
07:19 shadowy__duckie: watch
07:19 Black00Widow   : again this is what i get for listening to your brother
07:21 Black00Widow   : O
07:21 Black00Widow   : I'm going to go home and sleep and come back
07:21 shadowy__duckie: ok
07:22 -Dazed6977     : anyone got wool its for a build
07:23 -Dazed6977     : i need white
07:23 -Dazed6977     : plese
07:24 Stabaho187     : gah the stupid hearts are still here
07:26 -Dazed6977     : ty
07:36 shadowy__duckie placed suspicious WATER_BUCKET @ Killer_Island: x-1691, z882
07:37 -Dazed6977     : anyone got quartz
07:37 shadowy__duckie: i dont have any. sorry
07:42 Stabaho187     : at 400 mining skill im getting alot of double blocks from the bonus
07:42 -Sierralovesyou2: hey stab can you help me get a shop plese
07:43 Stabaho187      : what are you going to sell
07:43 Black00Widow    : dazed i have nether quartz, how much do you need
07:44 -Dazed6977      : a stack
07:44 -Sierralovesyou2: idk
07:44 Black00Widow    : i'll come to you dazed
07:45 Stabaho187      : got to come up with a product idea sierra
07:45 -Sierralovesyou2: One sec
07:47 Stabaho187      : you can build on this one sierra
07:48 Stabaho187      :  placed a sign @ Killer_Island: x-1132, z1004
  Sierra
07:50 Stabaho187      : its 6x6
07:51 Stabaho187      : click it with the stick to see the border
07:53 -Natiri607      : It's up I need to tell you something
07:53 -Natiri607      : Sava need to tell you something
07:53 -Dazed6977      : she meant stab
07:54 Stabaho187      : im listnening
07:54 -Natiri607      : hi
07:54 -Dazed6977      : she forgot
07:56 -Natiri607      : thank you
07:57 -Natiri607      : stab come back
07:57 -Natiri607      : dad come back
08:02 -Sierralovesyou2: Stab can u moov
08:02 Black00Widow    : yeah... my nether portal hasn't been working right for a few days
08:02 Stabaho187      : where is itr
08:05 Black00Widow    : and then if i go back through it puts me at a stronghold near my house, lol
08:07 -Sierralovesyou2: stab where are you
08:07 Black00Widow    : my portal worked fine before, so i'm not sure what changed
08:07 Black00Widow    : no biggie
08:07 Stabaho187      : someone built a portal near your portal
08:07 Black00Widow    : ah.. gotcha
08:07 shadowy__duckie : i didnt do it
08:07 -Sierralovesyou2: anybody got an amethyst block
08:08 Black00Widow    : we know it wasn't you duckie
08:08 Stabaho187      : its besto they both have builds next to each other
08:09 Black00Widow    : gotcha
08:09 Black00Widow    : stab did i accidentally pick up an ender chest??
08:09 Stabaho187      : your portal isnt far from this portal
08:10 Stabaho187      : im passing out ender chests today
08:10 Black00Widow    : lol gotcha. I already have one, I'm going to give mine to duckie
08:10 shadowy__duckie : fork it over
08:10 Black00Widow    : yes ma'am
08:10 shadowy__duckie : thank you
08:15 Stabaho187      : hi
08:15 shadowy__duckie : hi
08:15 -lenr0c86       : Hi
08:18 Black00Widow    : hahahaha, duckie accidentally hit one
08:22 -lenr0c86       :  placed a sign @ Killer_Island: x9805, z7630
  Stones
09:00 -Dazed6977      :  placed a sign @ Killer_Island: x-930, z206
  Up
  ->
09:00 -Dazed6977      :  placed a sign @ Killer_Island: x-930, z206
  Down 
  <-
09:11 -Dazed6977 placed suspicious WATER_BUCKET @ Killer_Island: x-928, z207
09:11 -Dazed6977 placed suspicious WATER_BUCKET @ Killer_Island: x-928, z207
09:11 -Dazed6977 placed suspicious WATER_BUCKET @ Killer_Island: x-928, z207
09:11 -Dazed6977 placed suspicious WATER_BUCKET @ Killer_Island: x-928, z207
09:11 -Dazed6977 placed suspicious WATER_BUCKET @ Killer_Island: x-928, z207
09:12 -Dazed6977 placed suspicious WATER_BUCKET @ Killer_Island: x-928, z207
09:12 -Dazed6977 placed suspicious WATER_BUCKET @ Killer_Island: x-928, z207
09:12 -Dazed6977 placed suspicious WATER_BUCKET @ Killer_Island: x-928, z207
09:12 -Dazed6977 placed suspicious WATER_BUCKET @ Killer_Island: x-928, z207
09:12 -Dazed6977 placed suspicious WATER_BUCKET @ Killer_Island: x-928, z207
09:12 -Dazed6977 placed suspicious WATER_BUCKET @ Killer_Island: x-928, z207
09:12 -Dazed6977 placed suspicious WATER_BUCKET @ Killer_Island: x-928, z207
09:12 -Dazed6977 placed suspicious WATER_BUCKET @ Killer_Island: x-928, z207
09:12 -Dazed6977 placed suspicious WATER_BUCKET @ Killer_Island: x-928, z207
09:12 -Dazed6977 placed suspicious WATER_BUCKET @ Killer_Island: x-928, z207
09:12 -Dazed6977 placed suspicious WATER_BUCKET @ Killer_Island: x-928, z207
09:12 -Dazed6977 placed suspicious WATER_BUCKET @ Killer_Island: x-928, z207
09:12 -Dazed6977 placed suspicious WATER_BUCKET @ Killer_Island: x-928, z207
09:13 -Dazed6977 placed suspicious WATER_BUCKET @ Killer_Island: x-928, z207
09:13 -Dazed6977 placed suspicious WATER_BUCKET @ Killer_Island: x-928, z207
09:13 -Dazed6977 placed suspicious WATER_BUCKET @ Killer_Island: x-928, z207
09:13 -Dazed6977 placed suspicious WATER_BUCKET @ Killer_Island: x-928, z207
09:13 -Dazed6977 placed suspicious WATER_BUCKET @ Killer_Island: x-928, z207
09:13 -Dazed6977 placed suspicious WATER_BUCKET @ Killer_Island: x-928, z207
09:13 -Dazed6977 placed suspicious WATER_BUCKET @ Killer_Island: x-928, z207
09:14 -Dazed6977 placed suspicious WATER_BUCKET @ Killer_Island: x-928, z207
09:14 -Dazed6977 placed suspicious WATER_BUCKET @ Killer_Island: x-928, z207
09:14 -Dazed6977 placed suspicious WATER_BUCKET @ Killer_Island: x-928, z207
09:14 -Dazed6977 placed suspicious WATER_BUCKET @ Killer_Island: x-928, z207
09:14 -Dazed6977 placed suspicious WATER_BUCKET @ Killer_Island: x-928, z207
09:14 -Dazed6977 placed suspicious WATER_BUCKET @ Killer_Island: x-928, z207
09:14 -Dazed6977 placed suspicious WATER_BUCKET @ Killer_Island: x-928, z207
09:15 -Dazed6977 placed suspicious WATER_BUCKET @ Killer_Island: x-928, z207
09:15 -Dazed6977 placed suspicious WATER_BUCKET @ Killer_Island: x-928, z207
09:15 -Dazed6977 placed suspicious WATER_BUCKET @ Killer_Island: x-928, z207
09:15 -Dazed6977 placed suspicious WATER_BUCKET @ Killer_Island: x-928, z207
09:15 -Dazed6977 placed suspicious WATER_BUCKET @ Killer_Island: x-928, z207
09:15 -Dazed6977 placed suspicious WATER_BUCKET @ Killer_Island: x-928, z207
09:15 -Dazed6977 placed suspicious WATER_BUCKET @ Killer_Island: x-928, z207
09:15 -Dazed6977 placed suspicious WATER_BUCKET @ Killer_Island: x-928, z207
09:15 -Dazed6977 placed suspicious WATER_BUCKET @ Killer_Island: x-928, z207
09:15 -Dazed6977 placed suspicious WATER_BUCKET @ Killer_Island: x-928, z207
09:15 -Dazed6977 placed suspicious WATER_BUCKET @ Killer_Island: x-928, z207
09:15 -Dazed6977 placed suspicious WATER_BUCKET @ Killer_Island: x-928, z207
09:15 -Dazed6977 placed suspicious WATER_BUCKET @ Killer_Island: x-928, z207
09:15 -Dazed6977 placed suspicious WATER_BUCKET @ Killer_Island: x-928, z207
09:16 -Dazed6977 placed suspicious WATER_BUCKET @ Killer_Island: x-928, z207
09:16 -Dazed6977 placed suspicious WATER_BUCKET @ Killer_Island: x-928, z207
09:16 -Dazed6977 placed suspicious WATER_BUCKET @ Killer_Island: x-928, z207
09:16 -Dazed6977 placed suspicious WATER_BUCKET @ Killer_Island: x-928, z207
09:16 -Dazed6977 placed suspicious WATER_BUCKET @ Killer_Island: x-928, z207
09:16 -Dazed6977 placed suspicious WATER_BUCKET @ Killer_Island: x-928, z207
09:16 -Dazed6977 placed suspicious WATER_BUCKET @ Killer_Island: x-928, z207
09:17 -Dazed6977 placed suspicious WATER_BUCKET @ Killer_Island: x-928, z205
09:17 -Dazed6977 placed suspicious WATER_BUCKET @ Killer_Island: x-928, z205
09:17 -Dazed6977 placed suspicious WATER_BUCKET @ Killer_Island: x-928, z205
09:17 -Dazed6977 placed suspicious WATER_BUCKET @ Killer_Island: x-928, z205
09:17 -Dazed6977 placed suspicious WATER_BUCKET @ Killer_Island: x-928, z205
09:17 -Dazed6977 placed suspicious WATER_BUCKET @ Killer_Island: x-928, z205
09:17 -Dazed6977 placed suspicious WATER_BUCKET @ Killer_Island: x-928, z205
09:17 -Dazed6977 placed suspicious WATER_BUCKET @ Killer_Island: x-928, z205
09:17 -Dazed6977 placed suspicious WATER_BUCKET @ Killer_Island: x-928, z205
09:17 -Dazed6977 placed suspicious WATER_BUCKET @ Killer_Island: x-928, z205
09:17 -Dazed6977 placed suspicious WATER_BUCKET @ Killer_Island: x-928, z205
09:17 -Dazed6977 placed suspicious WATER_BUCKET @ Killer_Island: x-928, z205
09:17 -Dazed6977 placed suspicious WATER_BUCKET @ Killer_Island: x-928, z205
09:17 -Dazed6977 placed suspicious WATER_BUCKET @ Killer_Island: x-928, z205
09:18 -Dazed6977 placed suspicious WATER_BUCKET @ Killer_Island: x-928, z205
09:18 -Dazed6977 placed suspicious WATER_BUCKET @ Killer_Island: x-928, z205
09:18 -Dazed6977 placed suspicious WATER_BUCKET @ Killer_Island: x-928, z205
09:18 -Dazed6977 placed suspicious WATER_BUCKET @ Killer_Island: x-928, z205
09:18 -Dazed6977 placed suspicious WATER_BUCKET @ Killer_Island: x-928, z205
09:18 -Dazed6977 placed suspicious WATER_BUCKET @ Killer_Island: x-928, z205
09:18 -Dazed6977 placed suspicious WATER_BUCKET @ Killer_Island: x-928, z205
09:19 -lenr0c86       : Ty!!!!
09:19 -Dazed6977 placed suspicious WATER_BUCKET @ Killer_Island: x-928, z205
09:19 -Dazed6977 placed suspicious WATER_BUCKET @ Killer_Island: x-928, z205
09:19 -Dazed6977 placed suspicious WATER_BUCKET @ Killer_Island: x-928, z205
09:19 -Dazed6977 placed suspicious WATER_BUCKET @ Killer_Island: x-928, z205
09:19 -Dazed6977 placed suspicious WATER_BUCKET @ Killer_Island: x-928, z205
09:19 -Dazed6977 placed suspicious WATER_BUCKET @ Killer_Island: x-928, z205
09:19 -Dazed6977 placed suspicious WATER_BUCKET @ Killer_Island: x-928, z205
09:20 -Dazed6977 placed suspicious WATER_BUCKET @ Killer_Island: x-928, z205
09:20 -Dazed6977 placed suspicious WATER_BUCKET @ Killer_Island: x-928, z205
09:20 -Dazed6977 placed suspicious WATER_BUCKET @ Killer_Island: x-928, z205
09:20 -Dazed6977 placed suspicious WATER_BUCKET @ Killer_Island: x-928, z205
09:20 -Dazed6977 placed suspicious WATER_BUCKET @ Killer_Island: x-928, z205
09:20 -Dazed6977 placed suspicious WATER_BUCKET @ Killer_Island: x-928, z205
09:21 -Dazed6977 placed suspicious WATER_BUCKET @ Killer_Island: x-928, z205
09:21 -Dazed6977 placed suspicious WATER_BUCKET @ Killer_Island: x-928, z205
09:21 -Dazed6977 placed suspicious WATER_BUCKET @ Killer_Island: x-928, z205
09:21 -Dazed6977 placed suspicious WATER_BUCKET @ Killer_Island: x-928, z205
09:21 -Dazed6977 placed suspicious WATER_BUCKET @ Killer_Island: x-928, z205
09:21 -Dazed6977 placed suspicious WATER_BUCKET @ Killer_Island: x-928, z205
09:21 -Dazed6977 placed suspicious WATER_BUCKET @ Killer_Island: x-928, z205
09:21 -Dazed6977 placed suspicious WATER_BUCKET @ Killer_Island: x-928, z205
09:21 -Dazed6977 placed suspicious WATER_BUCKET @ Killer_Island: x-928, z205
09:21 -Dazed6977 placed suspicious WATER_BUCKET @ Killer_Island: x-928, z205
09:21 -Dazed6977 placed suspicious WATER_BUCKET @ Killer_Island: x-928, z205
09:21 -Dazed6977 placed suspicious WATER_BUCKET @ Killer_Island: x-928, z205
09:21 -Dazed6977 placed suspicious WATER_BUCKET @ Killer_Island: x-928, z205
09:21 -Dazed6977 placed suspicious WATER_BUCKET @ Killer_Island: x-928, z205
09:22 -Dazed6977 placed suspicious WATER_BUCKET @ Killer_Island: x-928, z205
09:22 -Dazed6977 placed suspicious WATER_BUCKET @ Killer_Island: x-928, z205
09:22 -Dazed6977 placed suspicious WATER_BUCKET @ Killer_Island: x-928, z205
09:22 -Dazed6977 placed suspicious WATER_BUCKET @ Killer_Island: x-928, z205
09:22 -Dazed6977 placed suspicious WATER_BUCKET @ Killer_Island: x-928, z205
09:22 -Dazed6977 placed suspicious WATER_BUCKET @ Killer_Island: x-928, z205
09:22 -Dazed6977 placed suspicious WATER_BUCKET @ Killer_Island: x-928, z205
09:23 -Dazed6977 placed suspicious WATER_BUCKET @ Killer_Island: x-928, z207
09:23 -Dazed6977 placed suspicious WATER_BUCKET @ Killer_Island: x-928, z207
09:23 -Dazed6977 placed suspicious WATER_BUCKET @ Killer_Island: x-928, z205
09:23 -Dazed6977 placed suspicious WATER_BUCKET @ Killer_Island: x-928, z205
09:23 -Dazed6977 placed suspicious WATER_BUCKET @ Killer_Island: x-928, z205
09:40 -Dazed6977      :  placed a sign @ Killer_Island: x-1090, z259
  Fort
  Turkburg
09:40 -ShadowGiver902 : sup len
09:40 -lenr0c86       : Hi shadow
09:41 RadmobileGaming : len, do you want your box? if you tp to me, i'm standing next to it
09:42 RadmobileGaming : do /tp RadmobileGaming
09:43 -lenr0c86       : Thnx
09:43 RadmobileGaming : go this way back to the middle of the nether
09:45 -Natiri607      : I say you are in your way just give me a hug
09:56 -lenr0c86       : afk @ iron farm
09:57 -lenr0c86       : ok
10:02 -ShadowGiver902 : :(
10:28 -Natiri607      :  placed a sign @ Killer_Island: x-1091, z260
  natiri’s
  hokoi
  Jjm
10:43 -Sierralovesyou2:  placed a sign @ Killer_Island: x-1089, z272
  sie sie
  hut
10:45 -Sierralovesyou2:  placed a sign @ Killer_Island: x-1089, z272
  sie sie’s
  hut
10:57 -Dazed6977      : hey len
10:57 -Dazed6977      : got any bones
10:57 -Dazed6977      : thanks
11:29 -Dazed6977      : sup stab
11:29 Stabaho187      : not much
11:29 -Dazed6977      : do you mind hooking uo our portal
11:36 -ShadowGiver902 : LOL
11:36 Stabaho187      : portals done
11:36 -ShadowGiver902 : TY
11:36 Stabaho187      : that big square wall is abandoned
11:36 -ShadowGiver902 : whos base is that
11:36 -ShadowGiver902 : is it?
11:36 -ShadowGiver902 : can we claim it?
11:37 -ShadowGiver902 : cause well take it lol
11:37 Stabaho187      : what you going to do with it
11:37 -ShadowGiver902 : not rly sure
11:37 -ShadowGiver902 : make a castle in it
11:38 Stabaho187      : well my friend hasnt logged in for 3 months so go ahead
11:38 -ShadowGiver902 : NICE
11:38 -ShadowGiver902 : thanks man
11:38 -Dazed6977      : stab got any white concrete
11:39 Stabaho187      : i dont even know how to make concrete
11:39 -Dazed6977      : then got gunpowder
11:41 -ShadowGiver902 : lol
11:41 -ShadowGiver902 : stab?
11:42 -ShadowGiver902 : u there mr stabaho
11:47 -Dazed6977 placed suspicious WATER_BUCKET @ Killer_Island: x-937, z215
11:54 -ShadowGiver902 : hey stab u there
11:56 Stabaho187      : whats up
11:57 -ShadowGiver902 : hey man
11:57 -ShadowGiver902 : how can i get more blocks for claim
11:57 -ShadowGiver902 : i tried to claim the huge walls
11:57 -ShadowGiver902 : but i need like 30,000 more blocks lol
11:57 Stabaho187      : thats too many lbs
11:58 -ShadowGiver902 : oh ok
11:58 Stabaho187      : just claim a part of it
12:08 Stabaho187      : ill give you 15000 you got to get the rest with /buyclaimblock
12:08 -ShadowGiver902 : hey thanks alot my brother
12:08 -ShadowGiver902 : rly rly preciate that
12:08 -ShadowGiver902 : what does buying claim cost?
12:09 Stabaho187      : 100 a block with money you earn from /jobs
12:09 Stabaho187      : you guys mind a quick reboot?
12:10 -Dazed6977      : no
12:10 Stabaho187      : it will be quick
12:32 Stabaho187: one more time ok?
12:32 -ShadowGiver902: oh okk
12:48 -Vampires_Heart6: Im hoping by the end of today that ill make a public wool farm with all 16 colors and a loom!
12:50 -Vampires_Heart6: Its fun to build it lol
12:50 -ShadowGiver902 : HOW DO U SET A SECOND HOME"
13:21 -MrsShmeeThumb  : Roger Roger
13:21 -Vampires_Heart6: Ok
14:06 -ShadowGiver902 : YAYYY
14:12 -ShadowGiver902 : jobs
14:13 -ShadowGiver902 : so where u from vampire?
14:17 -ShadowGiver902 : *cool
14:18 -Vampires_Heart6: WI
14:19 -Vampires_Heart6: Clearing out this area is a bigger job than i thought but almost ready for the next step
14:20 -ShadowGiver902 : nice one
17:07 -Dazed6977 placed suspicious AXOLOTL_BUCKET @ Killer_Island: x-763, z271
17:15 -Dazed6977 placed suspicious AXOLOTL_BUCKET @ Killer_Island: x-935, z220
17:21 -Dazed6977 placed suspicious LAVA_BUCKET @ Killer_Island: x-1049, z377
17:24 -Dazed6977      : rip
17:25 -ShadowGiver902 : how do i set my second home again
17:25 -ShadowGiver902 : ?
17:25 RadmobileGaming : do /sethome newhomename
17:26 RadmobileGaming : then when you go /home you have to do /home newhomename
17:53 RadmobileGaming : o/
17:53 -TurningCupid   : howdy
18:03 -TurningCupid   : rude lol
18:05 -Dazed6977 placed suspicious WATER_BUCKET @ Killer_Island: x-987, z252
18:05 -Dazed6977 placed suspicious WATER_BUCKET @ Killer_Island: x-955, z226
18:07 -TurningCupid   : actually?
18:07 mr_matthews     : they tough
18:08 -TurningCupid   : Im still a bit upset he disapeared on us, idkl if its a timed thing or what but we didnt leave the area and he just disapeared
18:08 mr_matthews     : keep finding them at the bottom of the sea
18:08 -ShadowGiver902 : hey stab can you come over to my base now?
18:08 RadmobileGaming : yeah the knights are 3 hits with my sword and they are super slow
18:08 -TurningCupid   : Oh wait, im talkign about the king, not the knights, i havent seen one fo those yet
18:08 mr_matthews     : harder to kill on the oceon floor lol
18:08 -TurningCupid   : YES! THe king spawned in the oean for us too
18:09 -ShadowGiver902 : oh kk
18:09 mr_matthews     : anyone got lots of poison potatos :D
18:09 RadmobileGaming : i have a few
18:10 mr_matthews     : ill buy stacks if anyone ever has too many around
18:10 RadmobileGaming : i have 11
18:12 mr_matthews     : thats alright, was gonna buy loads of golden apples from trader lol, i need to start farming potatoes again
18:12 mr_matthews     : how do you guys search for netherite? do u mine or blow up the netherack?
18:13 RadmobileGaming : it's a trade secret
18:13 -ShadowGiver902 : *hax
18:13 -ShadowGiver902 : ;)
18:13 -ShadowGiver902 : lol
18:13 RadmobileGaming : i go to the nether, dig a really long straight tunnel, set tnt spaced out a bit and then light one tnt and then boom
18:14 mr_matthews     : i was thinking of going in there with a ton of TNT lol, but dont wanna cause a major lag spike lol
18:14 RadmobileGaming : tnt shouldn't cause issues
18:14 mr_matthews     : i hope not on PC, used to ruin my console game worlds big time
18:15 RadmobileGaming : oh then idk
18:17 mr_matthews     : nice
18:18 mr_matthews     : lazy mining, was you could fish like that, redneck style, log a tnt into the sea and watch the dead fish float to the surface
18:50 mr_matthews     : hey stab, with the trader hall, i notice the zombies get stuck on the edges of the trap doors? ive added trap doors all around on mine, so hope zombies can still turn villagers, might be worth adding more trap doors in your hall
19:04 -Dazed6977 placed suspicious WATER_BUCKET @ Killer_Island: x-774, z331
19:06 -TurningCupid   : woohoo
19:15 Black00Widow    : Nice Cupid
19:16 -TurningCupid   : good luck... i mined for hours and only for 1 debris
19:16 -TurningCupid   : 12*
19:18 -NixRagnarson   : hey everyone o/
19:18 -ShadowGiver902 : sup nix
19:18 -TurningCupid   : Why arent you sleeping mister?
19:19 -NixRagnarson   : sorry mom woke up early :/
19:20 -TurningCupid   : Ahhh well good morning
19:24 -NixRagnarson   : Nym said hi granny btw
19:26 Black00Widow    : can someone sleep?
19:26 Black00Widow    : thanks!
19:27 -TurningCupid   : np
19:27 -TurningCupid   : SOrry nym, didnt see it lol
19:27 -TurningCupid   : hiiii
19:27 -lowerlevelll   : Ello
19:27 -lowerlevelll   : I want vip
19:27 -NixRagnarson   : yo lower how you doing?
19:46 shadowy__duckie placed suspicious WATER_BUCKET @ Killer_Island: x-1687, z886
19:49 -TurningCupid   : ehhhhhh finally 100
19:50 -TurningCupid   : 1000
19:50 RadmobileGaming : congrats
19:50 -NixRagnarson   : noice
19:51 -TurningCupid   : THank you thankyou
19:51 Black00Widow    : nice cupid
19:52 -TurningCupid   : anyone have unnedded dirt?
19:52 RadmobileGaming : tons
19:52 -TurningCupid   : or grass
19:52 -TurningCupid   : Can i take it off your hands for you?
19:52 RadmobileGaming : you're magic
19:53 mr_matthews     : HOW MUCH YOU GOT
19:53 RadmobileGaming : wheres your base
19:53 -TurningCupid   : YOu are to, you go there really fast haha
19:53 RadmobileGaming : a whole inventory
19:53 -lowerlevelll   : Nix were u building?
19:53 RadmobileGaming : brb
19:53 -TurningCupid   : THANK YOU
19:53 RadmobileGaming : that's a whole double chest worth
19:54 RadmobileGaming : i have 3 more double chests worth lol
19:54 mr_matthews     : im looking for a few double chests full of dirt lol, need alot of ground work done around home :D
19:54 -TurningCupid   : Thank might be enough for now lol
19:54 -TurningCupid   : thank you
19:54 -TurningCupid   : YOu got big pockets lol
19:54 mr_matthews     : lol thanks
19:55 RadmobileGaming : that's a double chest
19:55 mr_matthews     : thanks dude
19:55 RadmobileGaming : anyone else need dirt?
19:55 RadmobileGaming : or a shit ton of cobble stone
19:55 -TurningCupid   : New business idea "Rad's Mobile Dirt"
19:56 -NixRagnarson   : um -9571 by -4521 in a taiga, why whats up?
19:56 -NixRagnarson   : -4143 sorry XD
19:56 RadmobileGaming : lol i'm just trying to get rid of my junk
19:58 -NixRagnarson   : you know rad diamonds are junk, im willing to help relief you of them
19:58 RadmobileGaming : lol i have a lot of diamonds
19:58 RadmobileGaming : but they are mine
19:58 -NixRagnarson   : such a burden
19:59 RadmobileGaming : open a store!
19:59 RadmobileGaming : we need more store
19:59 RadmobileGaming : s
19:59 RadmobileGaming : if anyone opens a store that sells already enchanged picks and armor
19:59 RadmobileGaming : that has stupid names attached to them
19:59 RadmobileGaming : i will buy the crap out of that
20:00 shadowy__duckie : i like to name leggings big boy pants
20:00 RadmobileGaming : my silk touch pick is called "silky smoove"
20:00 shadowy__duckie : nice
20:01 -NixRagnarson   : its a idea but im currently trying to make up my gear lol
20:03 RadmobileGaming : we have 4 shops at spawn
20:03 RadmobileGaming : we need a bunch more
20:03 RadmobileGaming : it'll make this server feel way more collaborative
20:11 -TurningCupid   : heyyyy twinningggg
20:11 Black00Widow    : yeah baby!!! lol
20:11 -NixRagnarson   : noice gg both of you!
20:12 Black00Widow    : thanks!
20:13 RadmobileGaming : lol who's lagging the server
20:21 -TurningCupid   : not I
20:22 Black00Widow    : not I either
20:22 -NixRagnarson   : twas not i
20:24 -TurningCupid   : Hey i just realized i dont see my MMO stats on the right side
20:36 Black00Widow placed suspicious WATER_BUCKET @ Killer_Island: x-1984, z1013
20:36 Black00Widow placed suspicious WATER_BUCKET @ Killer_Island: x-1984, z1013
20:37 Black00Widow placed suspicious WATER_BUCKET @ Killer_Island: x-1983, z1013
20:37 -TurningCupid   : He kille dmy bird :(
20:37 shadowy__duckie : who did
20:37 -TurningCupid   : Lower
20:37 shadowy__duckie : thats it
20:37 -TurningCupid   : He slaughtered him in cold blood
20:38 Black00Widow    : unacceptable
20:38 shadowy__duckie : straight to jail
20:38 -TurningCupid   : he just wanted a treat
20:38 -lowerlevelll   : He deserved it
20:38 shadowy__duckie : no he did not
20:38 Black00Widow placed suspicious WATER_BUCKET @ Killer_Island: x-1983, z1014
20:38 -TurningCupid   : This is why i cant have nice things
20:38 Black00Widow placed suspicious WATER_BUCKET @ Killer_Island: x-1983, z1015
20:38 Black00Widow placed suspicious WATER_BUCKET @ Killer_Island: x-1983, z1014
20:38 Black00Widow placed suspicious WATER_BUCKET @ Killer_Island: x-1984, z1014
20:38 shadowy__duckie : im so sorry for your loss
20:38 -TurningCupid   : I surprised i still have a panda
20:38 Black00Widow placed suspicious WATER_BUCKET @ Killer_Island: x-1984, z1015
20:38 -lowerlevelll   : He was cherping $h!t
20:39 -TurningCupid   : THank you, i dont know if i can go on in this cruel world :(
20:39 shadowy__duckie : get revenge
20:40 -NixRagnarson   : BML! bird lifes matter! say it with me people!!
20:40 shadowy__duckie : BML!
20:40 Black00Widow    : BML
20:40 -TurningCupid   : #BLM
20:40 Black00Widow    : i don't even like birds
20:40 RadmobileGaming : that's what came to my mind
20:40 Black00Widow    : but i'm on cupid's side, LOL
20:41 -lowerlevelll   : Fuck birds lifes matter
20:41 shadowy__duckie : get out
20:41 RadmobileGaming : none of this is real, you are in the matrix
20:41 RadmobileGaming : or the minetrix
20:41 shadowy__duckie : bird lives matter, even in the matrix
20:42 RadmobileGaming : do you eat chicken?
20:42 -lowerlevelll   : Nope i took the otyher pill. So it asll matters
20:42 -lowerlevelll   : Other*
20:42 RadmobileGaming : would anyone buy ore blocks if i sold it?
20:42 -lowerlevelll   : All*
20:43 Black00Widow placed suspicious WATER_BUCKET @ Killer_Island: x-1983, z1015
20:43 -TurningCupid   : RIP Mr Blue, ill miss you and your beautiful face
20:43 Black00Widow placed suspicious WATER_BUCKET @ Killer_Island: x-1984, z1014
20:43 -TurningCupid   : SUck a strong beak he had
20:43 Black00Widow placed suspicious WATER_BUCKET @ Killer_Island: x-1984, z1014
20:43 -TurningCupid   : such*
20:43 Black00Widow placed suspicious WATER_BUCKET @ Killer_Island: x-1983, z1014
20:43 Black00Widow placed suspicious WATER_BUCKET @ Killer_Island: x-1983, z1014
20:43 Black00Widow placed suspicious WATER_BUCKET @ Killer_Island: x-1984, z1014
20:43 -NixRagnarson   : #justiceforMrBlue
20:44 -lowerlevelll   : His name was Craig
20:44 -TurningCupid   : HE WAS NOT A CRAIG
20:45 -TurningCupid   : HOW DARE YOU!
20:45 -TurningCupid   : #jUSTICE4MRBLUE
20:45 -lowerlevelll   : How would u know. Master of birds
20:45 -TurningCupid   : i FED HIM THE SEEDS I GREW WITH MY OWN SWEAT AND BLOD
20:45 -lowerlevelll   : Craig wanted to be free
20:46 Black00Widow placed suspicious AXOLOTL_BUCKET @ Killer_Island: x-1984, z1015
20:46 -TurningCupid   : RAISEDE HIM FROM A EGG WHEN HIS MOTHER WAS EATIGN BY A WHALE
20:46 -NixRagnarson   : yo!! how could you attack a grieving mother like that?!?
20:46 -TurningCupid   : I was the only mother he knew
20:47 -lowerlevelll   : craig was smothered bye his adopted mother
20:48 Black00Widow placed suspicious AXOLOTL_BUCKET @ Killer_Island: x-1984, z1015
20:48 -NixRagnarson   : you sir are worse than H*****
20:52 -NixRagnarson   : on a unrelated note just got 12 diamonds from 4 ore
21:08 -NixRagnarson   : power thingy?
21:10 -NixRagnarson   : did not know that.. good to know
21:11 -NixRagnarson   : moms, they never stop teaching us
21:13 mr_matthews     : who are these crazy crossbow guys swarming this map area lol
22:20 RadmobileGaming: thanks for your purchase
